2022-04-22 00:00:23,211 WARN [HikariPool-1 housekeeper] c.z.h.p.HikariPool [HikariPool.java:787] HikariPool-1 - Thread starvation or clock leap detected (housekeeper delta=9m47s644ms).
2022-04-22 00:10:40,753 WARN [HikariPool-1 housekeeper] c.z.h.p.HikariPool [HikariPool.java:787] HikariPool-1 - Thread starvation or clock leap detected (housekeeper delta=9m47s422ms).
2022-04-22 00:20:29,009 WARN [HikariPool-1 housekeeper] c.z.h.p.HikariPool [HikariPool.java:787] HikariPool-1 - Thread starvation or clock leap detected (housekeeper delta=9m48s256ms).
2022-04-22 00:30:47,573 WARN [HikariPool-1 housekeeper] c.z.h.p.HikariPool [HikariPool.java:787] HikariPool-1 - Thread starvation or clock leap detected (housekeeper delta=9m48s556ms).
2022-04-22 00:41:05,230 WARN [HikariPool-1 housekeeper] c.z.h.p.HikariPool [HikariPool.java:787] HikariPool-1 - Thread starvation or clock leap detected (housekeeper delta=9m47s655ms).
2022-04-22 00:51:22,948 WARN [HikariPool-1 housekeeper] c.z.h.p.HikariPool [HikariPool.java:787] HikariPool-1 - Thread starvation or clock leap detected (housekeeper delta=9m47s714ms).
2022-04-22 01:01:10,484 WARN [HikariPool-1 housekeeper] c.z.h.p.HikariPool [HikariPool.java:787] HikariPool-1 - Thread starvation or clock leap detected (housekeeper delta=9m47s536ms).
2022-04-22 01:11:29,193 WARN [HikariPool-1 housekeeper] c.z.h.p.HikariPool [HikariPool.java:787] HikariPool-1 - Thread starvation or clock leap detected (housekeeper delta=9m48s700ms).
2022-04-22 01:21:46,880 WARN [HikariPool-1 housekeeper] c.z.h.p.HikariPool [HikariPool.java:787] HikariPool-1 - Thread starvation or clock leap detected (housekeeper delta=9m47s681ms).
2022-04-22 01:31:34,468 WARN [HikariPool-1 housekeeper] c.z.h.p.HikariPool [HikariPool.java:787] HikariPool-1 - Thread starvation or clock leap detected (housekeeper delta=9m47s588ms).
2022-04-22 01:41:51,946 WARN [HikariPool-1 housekeeper] c.z.h.p.HikariPool [HikariPool.java:787] HikariPool-1 - Thread starvation or clock leap detected (housekeeper delta=9m47s469ms).
2022-04-22 01:52:10,734 WARN [HikariPool-1 housekeeper] c.z.h.p.HikariPool [HikariPool.java:787] HikariPool-1 - Thread starvation or clock leap detected (housekeeper delta=9m48s783ms).
2022-04-22 02:01:58,359 WARN [HikariPool-1 housekeeper] c.z.h.p.HikariPool [HikariPool.java:787] HikariPool-1 - Thread starvation or clock leap detected (housekeeper delta=9m47s625ms).
2022-04-22 02:12:15,889 WARN [HikariPool-1 housekeeper] c.z.h.p.HikariPool [HikariPool.java:787] HikariPool-1 - Thread starvation or clock leap detected (housekeeper delta=9m47s524ms).
2022-04-22 02:22:34,127 WARN [HikariPool-1 housekeeper] c.z.h.p.HikariPool [HikariPool.java:787] HikariPool-1 - Thread starvation or clock leap detected (housekeeper delta=9m48s236ms).
2022-04-22 02:32:22,010 WARN [HikariPool-1 housekeeper] c.z.h.p.HikariPool [HikariPool.java:787] HikariPool-1 - Thread starvation or clock leap detected (housekeeper delta=9m47s883ms).
2022-04-22 02:42:39,904 WARN [HikariPool-1 housekeeper] c.z.h.p.HikariPool [HikariPool.java:787] HikariPool-1 - Thread starvation or clock leap detected (housekeeper delta=9m47s884ms).
2022-04-22 02:52:57,764 WARN [HikariPool-1 housekeeper] c.z.h.p.HikariPool [HikariPool.java:787] HikariPool-1 - Thread starvation or clock leap detected (housekeeper delta=9m47s851ms).
2022-04-22 03:03:16,569 WARN [HikariPool-1 housekeeper] c.z.h.p.HikariPool [HikariPool.java:787] HikariPool-1 - Thread starvation or clock leap detected (housekeeper delta=9m48s797ms).
2022-04-22 03:13:04,263 WARN [HikariPool-1 housekeeper] c.z.h.p.HikariPool [HikariPool.java:787] HikariPool-1 - Thread starvation or clock leap detected (housekeeper delta=9m47s694ms).
2022-04-22 03:23:21,973 WARN [HikariPool-1 housekeeper] c.z.h.p.HikariPool [HikariPool.java:787] HikariPool-1 - Thread starvation or clock leap detected (housekeeper delta=9m47s705ms).
2022-04-22 03:33:39,628 WARN [HikariPool-1 housekeeper] c.z.h.p.HikariPool [HikariPool.java:787] HikariPool-1 - Thread starvation or clock leap detected (housekeeper delta=9m47s646ms).
2022-04-22 03:43:28,080 WARN [HikariPool-1 housekeeper] c.z.h.p.HikariPool [HikariPool.java:787] HikariPool-1 - Thread starvation or clock leap detected (housekeeper delta=9m48s452ms).
2022-04-22 03:53:46,303 WARN [HikariPool-1 housekeeper] c.z.h.p.HikariPool [HikariPool.java:787] HikariPool-1 - Thread starvation or clock leap detected (housekeeper delta=9m48s218ms).
2022-04-22 03:59:03,969 WARN [HikariPool-1 housekeeper] c.z.h.p.HikariPool [HikariPool.java:787] HikariPool-1 - Thread starvation or clock leap detected (housekeeper delta=4m47s658ms).
2022-04-22 04:08:52,260 WARN [HikariPool-1 housekeeper] c.z.h.p.HikariPool [HikariPool.java:787] HikariPool-1 - Thread starvation or clock leap detected (housekeeper delta=9m48s291ms).
2022-04-22 04:23:28,996 WARN [HikariPool-1 housekeeper] c.z.h.p.HikariPool [HikariPool.java:787] HikariPool-1 - Thread starvation or clock leap detected (housekeeper delta=14m6s734ms).
2022-04-22 04:33:46,755 WARN [HikariPool-1 housekeeper] c.z.h.p.HikariPool [HikariPool.java:787] HikariPool-1 - Thread starvation or clock leap detected (housekeeper delta=9m47s747ms).
2022-04-22 04:43:35,007 WARN [HikariPool-1 housekeeper] c.z.h.p.HikariPool [HikariPool.java:787] HikariPool-1 - Thread starvation or clock leap detected (housekeeper delta=9m48s252ms).
2022-04-22 04:53:52,876 WARN [HikariPool-1 housekeeper] c.z.h.p.HikariPool [HikariPool.java:787] HikariPool-1 - Thread starvation or clock leap detected (housekeeper delta=9m47s860ms).
2022-04-22 05:04:10,642 WARN [HikariPool-1 housekeeper] c.z.h.p.HikariPool [HikariPool.java:787] HikariPool-1 - Thread starvation or clock leap detected (housekeeper delta=9m47s758ms).
2022-04-22 05:14:29,323 WARN [HikariPool-1 housekeeper] c.z.h.p.HikariPool [HikariPool.java:787] HikariPool-1 - Thread starvation or clock leap detected (housekeeper delta=9m48s670ms).
2022-04-22 05:24:17,101 WARN [HikariPool-1 housekeeper] c.z.h.p.HikariPool [HikariPool.java:787] HikariPool-1 - Thread starvation or clock leap detected (housekeeper delta=9m47s778ms).
2022-04-22 05:34:34,771 WARN [HikariPool-1 housekeeper] c.z.h.p.HikariPool [HikariPool.java:787] HikariPool-1 - Thread starvation or clock leap detected (housekeeper delta=9m47s661ms).
2022-04-22 05:44:53,041 WARN [HikariPool-1 housekeeper] c.z.h.p.HikariPool [HikariPool.java:787] HikariPool-1 - Thread starvation or clock leap detected (housekeeper delta=9m48s266ms).
2022-04-22 05:54:40,852 WARN [HikariPool-1 housekeeper] c.z.h.p.HikariPool [HikariPool.java:787] HikariPool-1 - Thread starvation or clock leap detected (housekeeper delta=9m47s811ms).
2022-04-22 06:04:58,488 WARN [HikariPool-1 housekeeper] c.z.h.p.HikariPool [HikariPool.java:787] HikariPool-1 - Thread starvation or clock leap detected (housekeeper delta=9m47s626ms).
2022-04-22 06:15:17,319 WARN [HikariPool-1 housekeeper] c.z.h.p.HikariPool [HikariPool.java:787] HikariPool-1 - Thread starvation or clock leap detected (housekeeper delta=9m48s823ms).
2022-04-22 06:37:26,211 WARN [HikariPool-1 housekeeper] c.z.h.p.HikariPool [HikariPool.java:787] HikariPool-1 - Thread starvation or clock leap detected (housekeeper delta=21m38s891ms).
2022-04-22 08:31:24,652 WARN [HikariPool-1 housekeeper] c.z.h.p.HikariPool [HikariPool.java:787] HikariPool-1 - Thread starvation or clock leap detected (housekeeper delta=1h52m58s420ms).
2022-04-22 08:43:45,305 WARN [HikariPool-1 housekeeper] c.z.h.p.HikariPool [HikariPool.java:787] HikariPool-1 - Thread starvation or clock leap detected (housekeeper delta=1m50s533ms).
2022-04-22 08:54:04,142 WARN [HikariPool-1 housekeeper] c.z.h.p.HikariPool [HikariPool.java:787] HikariPool-1 - Thread starvation or clock leap detected (housekeeper delta=9m48s833ms).
2022-04-22 09:04:22,047 WARN [HikariPool-1 housekeeper] c.z.h.p.HikariPool [HikariPool.java:787] HikariPool-1 - Thread starvation or clock leap detected (housekeeper delta=9m47s894ms).
2022-04-22 09:14:09,907 WARN [HikariPool-1 housekeeper] c.z.h.p.HikariPool [HikariPool.java:787] HikariPool-1 - Thread starvation or clock leap detected (housekeeper delta=9m47s860ms).
2022-04-22 09:24:28,411 WARN [HikariPool-1 housekeeper] c.z.h.p.HikariPool [HikariPool.java:787] HikariPool-1 - Thread starvation or clock leap detected (housekeeper delta=9m48s499ms).
2022-04-22 09:34:46,349 WARN [HikariPool-1 housekeeper] c.z.h.p.HikariPool [HikariPool.java:787] HikariPool-1 - Thread starvation or clock leap detected (housekeeper delta=9m47s936ms).
2022-04-22 09:44:34,103 WARN [HikariPool-1 housekeeper] c.z.h.p.HikariPool [HikariPool.java:787] HikariPool-1 - Thread starvation or clock leap detected (housekeeper delta=9m47s754ms).
2022-04-22 09:54:51,939 WARN [HikariPool-1 housekeeper] c.z.h.p.HikariPool [HikariPool.java:787] HikariPool-1 - Thread starvation or clock leap detected (housekeeper delta=9m47s825ms).
2022-04-22 10:05:09,630 WARN [HikariPool-1 housekeeper] c.z.h.p.HikariPool [HikariPool.java:787] HikariPool-1 - Thread starvation or clock leap detected (housekeeper delta=9m47s684ms).
2022-04-22 10:15:27,422 WARN [HikariPool-1 housekeeper] c.z.h.p.HikariPool [HikariPool.java:787] HikariPool-1 - Thread starvation or clock leap detected (housekeeper delta=9m47s786ms).
2022-04-22 10:25:15,346 WARN [HikariPool-1 housekeeper] c.z.h.p.HikariPool [HikariPool.java:787] HikariPool-1 - Thread starvation or clock leap detected (housekeeper delta=9m47s923ms).
2022-04-22 10:35:33,239 WARN [HikariPool-1 housekeeper] c.z.h.p.HikariPool [HikariPool.java:787] HikariPool-1 - Thread starvation or clock leap detected (housekeeper delta=9m47s888ms).
2022-04-22 10:45:51,181 WARN [HikariPool-1 housekeeper] c.z.h.p.HikariPool [HikariPool.java:787] HikariPool-1 - Thread starvation or clock leap detected (housekeeper delta=9m47s931ms).
2022-04-22 10:55:39,024 WARN [HikariPool-1 housekeeper] c.z.h.p.HikariPool [HikariPool.java:787] HikariPool-1 - Thread starvation or clock leap detected (housekeeper delta=9m47s843ms).
2022-04-22 11:05:56,890 WARN [HikariPool-1 housekeeper] c.z.h.p.HikariPool [HikariPool.java:787] HikariPool-1 - Thread starvation or clock leap detected (housekeeper delta=9m47s859ms).
2022-04-22 11:16:14,605 WARN [HikariPool-1 housekeeper] c.z.h.p.HikariPool [HikariPool.java:787] HikariPool-1 - Thread starvation or clock leap detected (housekeeper delta=9m47s711ms).
2022-04-22 11:26:02,373 WARN [HikariPool-1 housekeeper] c.z.h.p.HikariPool [HikariPool.java:787] HikariPool-1 - Thread starvation or clock leap detected (housekeeper delta=9m47s768ms).
2022-04-22 11:36:20,254 WARN [HikariPool-1 housekeeper] c.z.h.p.HikariPool [HikariPool.java:787] HikariPool-1 - Thread starvation or clock leap detected (housekeeper delta=9m47s872ms).
2022-04-22 11:46:37,989 WARN [HikariPool-1 housekeeper] c.z.h.p.HikariPool [HikariPool.java:787] HikariPool-1 - Thread starvation or clock leap detected (housekeeper delta=9m47s727ms).
2022-04-22 11:56:56,395 WARN [HikariPool-1 housekeeper] c.z.h.p.HikariPool [HikariPool.java:787] HikariPool-1 - Thread starvation or clock leap detected (housekeeper delta=9m48s396ms).
2022-04-22 12:06:44,199 WARN [HikariPool-1 housekeeper] c.z.h.p.HikariPool [HikariPool.java:787] HikariPool-1 - Thread starvation or clock leap detected (housekeeper delta=9m47s804ms).
2022-04-22 12:39:55,009 INFO [SpringContextShutdownHook] o.s.s.c.ThreadPoolTaskExecutor [ExecutorConfigurationSupport.java:218] Shutting down ExecutorService 'applicationTaskExecutor'
2022-04-22 12:39:55,027 INFO [SpringContextShutdownHook] o.s.o.j.LocalContainerEntityManagerFactoryBean [AbstractEntityManagerFactoryBean.java:651] Closing JPA EntityManagerFactory for persistence unit 'default'
2022-04-22 12:39:55,031 INFO [SpringContextShutdownHook] o.h.t.s.i.SchemaDropperImpl$DelayedDropActionImpl [SchemaDropperImpl.java:526] HHH000477: Starting delayed evictData of schema as part of SessionFactory shut-down'
2022-04-22 12:39:55,050 INFO [SpringContextShutdownHook] c.z.h.HikariDataSource [HikariDataSource.java:350] HikariPool-1 - Shutdown initiated...
2022-04-22 12:39:55,057 INFO [SpringContextShutdownHook] c.z.h.HikariDataSource [HikariDataSource.java:352] HikariPool-1 - Shutdown completed.
2022-04-22 13:06:02,508 INFO [background-preinit] o.h.v.i.u.Version [Version.java:21] HV000001: Hibernate Validator 6.1.7.Final
2022-04-22 13:06:02,703 INFO [main] c.c.i.IprsApplication [StartupInfoLogger.java:55] Starting IprsApplication using Java 11.0.12 on Josephs-MacBook-Pro.local with PID 2126 (/Users/abala/abala/projects/psm/engine/psm/target/classes started by abala in /Users/abala/abala/projects/psm/engine/psm)
2022-04-22 13:06:02,707 INFO [main] c.c.i.IprsApplication [SpringApplication.java:666] The following profiles are active: dev
2022-04-22 13:06:04,230 INFO [main] o.s.d.r.c.RepositoryConfigurationDelegate [RepositoryConfigurationDelegate.java:128] Bootstrapping Spring Data JPA repositories in DEFAULT mode.
2022-04-22 13:06:04,337 INFO [main] o.s.d.r.c.RepositoryConfigurationDelegate [RepositoryConfigurationDelegate.java:188] Finished Spring Data repository scanning in 95 ms. Found 16 JPA repository interfaces.
2022-04-22 13:06:05,129 INFO [main] o.s.c.s.PostProcessorRegistrationDelegate$BeanPostProcessorChecker [PostProcessorRegistrationDelegate.java:376] Bean 'org.springframework.ws.config.annotation.DelegatingWsConfiguration' of type [org.springframework.ws.config.annotation.DelegatingWsConfiguration$$EnhancerBySpringCGLIB$$2d9e4760] is not eligible for getting processed by all BeanPostProcessors (for example: not eligible for auto-proxying)
2022-04-22 13:06:05,272 WARN [main] o.s.x.DocumentBuilderFactoryUtils [DocumentBuilderFactoryUtils.java:45] http://javax.xml.XMLConstants/property/accessExternalDTD property not supported by org.apache.xerces.jaxp.DocumentBuilderFactoryImpl
2022-04-22 13:06:05,273 WARN [main] o.s.x.DocumentBuilderFactoryUtils [DocumentBuilderFactoryUtils.java:53] http://javax.xml.XMLConstants/property/accessExternalSchema property not supported by org.apache.xerces.jaxp.DocumentBuilderFactoryImpl
2022-04-22 13:06:05,375 INFO [main] o.s.w.s.a.s.AnnotationActionEndpointMapping [AbstractAddressingEndpointMapping.java:236] Supporting [WS-Addressing August 2004, WS-Addressing 1.0]
2022-04-22 13:06:05,474 INFO [main] o.s.c.s.PostProcessorRegistrationDelegate$BeanPostProcessorChecker [PostProcessorRegistrationDelegate.java:376] Bean 'org.springframework.security.access.expression.method.DefaultMethodSecurityExpressionHandler@56cfe6be' of type [org.springframework.security.access.expression.method.DefaultMethodSecurityExpressionHandler] is not eligible for getting processed by all BeanPostProcessors (for example: not eligible for auto-proxying)
2022-04-22 13:06:05,480 INFO [main] o.s.c.s.PostProcessorRegistrationDelegate$BeanPostProcessorChecker [PostProcessorRegistrationDelegate.java:376] Bean 'methodSecurityMetadataSource' of type [org.springframework.security.access.method.DelegatingMethodSecurityMetadataSource] is not eligible for getting processed by all BeanPostProcessors (for example: not eligible for auto-proxying)
2022-04-22 13:06:05,844 INFO [main] o.s.b.w.e.t.TomcatWebServer [TomcatWebServer.java:108] Tomcat initialized with port(s): 8090 (http)
2022-04-22 13:06:05,857 INFO [main] o.a.c.h.Http11NioProtocol [DirectJDKLog.java:173] Initializing ProtocolHandler ["http-nio-8090"]
2022-04-22 13:06:05,858 INFO [main] o.a.c.c.StandardService [DirectJDKLog.java:173] Starting service [Tomcat]
2022-04-22 13:06:05,859 INFO [main] o.a.c.c.StandardEngine [DirectJDKLog.java:173] Starting Servlet engine: [Apache Tomcat/9.0.44]
2022-04-22 13:06:05,990 INFO [main] o.a.c.c.C.[.[.[/] [DirectJDKLog.java:173] Initializing Spring embedded WebApplicationContext
2022-04-22 13:06:05,990 INFO [main] o.s.b.w.s.c.ServletWebServerApplicationContext [ServletWebServerApplicationContext.java:289] Root WebApplicationContext: initialization completed in 3170 ms
2022-04-22 13:06:06,199 INFO [main] c.z.h.HikariDataSource [HikariDataSource.java:110] HikariPool-1 - Starting...
2022-04-22 13:06:06,649 INFO [main] c.z.h.HikariDataSource [HikariDataSource.java:123] HikariPool-1 - Start completed.
2022-04-22 13:06:06,657 INFO [main] o.s.b.a.h.H2ConsoleAutoConfiguration [H2ConsoleAutoConfiguration.java:68] H2 console available at '/h2-console'. Database available at 'jdbc:h2:mem:testdb'
2022-04-22 13:06:06,949 INFO [main] o.h.j.i.u.LogHelper [LogHelper.java:31] HHH000204: Processing PersistenceUnitInfo [name: default]
2022-04-22 13:06:07,016 INFO [main] o.h.Version [Version.java:44] HHH000412: Hibernate ORM core version 5.4.29.Final
2022-04-22 13:06:07,208 INFO [main] o.h.a.c.Version [JavaReflectionManager.java:56] HCANN000001: Hibernate Commons Annotations {5.1.2.Final}
2022-04-22 13:06:07,380 INFO [main] o.h.d.Dialect [Dialect.java:175] HHH000400: Using dialect: org.hibernate.dialect.H2Dialect
2022-04-22 13:06:08,876 INFO [main] o.h.e.t.j.p.i.JtaPlatformInitiator [JtaPlatformInitiator.java:52] HHH000490: Using JtaPlatform implementation: [org.hibernate.engine.transaction.jta.platform.internal.NoJtaPlatform]
2022-04-22 13:06:08,887 INFO [main] o.s.o.j.LocalContainerEntityManagerFactoryBean [AbstractEntityManagerFactoryBean.java:437] Initialized JPA EntityManagerFactory for persistence unit 'default'
2022-04-22 13:06:10,581 WARN [main] o.s.b.a.o.j.JpaBaseConfiguration$JpaWebConfiguration [JpaBaseConfiguration.java:221] spring.jpa.open-in-view is enabled by default. Therefore, database queries may be performed during view rendering. Explicitly configure spring.jpa.open-in-view to disable this warning
2022-04-22 13:06:11,104 INFO [main] o.s.b.a.e.w.EndpointLinksResolver [EndpointLinksResolver.java:58] Exposing 2 endpoint(s) beneath base path '/actuator'
2022-04-22 13:06:11,301 INFO [main] s.d.s.w.PropertySourcedRequestMappingHandlerMapping [PropertySourcedRequestMappingHandlerMapping.java:69] Mapped URL path [/v2/api-docs] onto method [springfox.documentation.swagger2.web.Swagger2Controller#getDocumentation(String, HttpServletRequest)]
2022-04-22 13:06:11,646 INFO [main] o.s.s.w.DefaultSecurityFilterChain [DefaultSecurityFilterChain.java:51] Will secure Ant [pattern='/v2/api-docs'] with []
2022-04-22 13:06:11,647 INFO [main] o.s.s.w.DefaultSecurityFilterChain [DefaultSecurityFilterChain.java:51] Will secure Ant [pattern='/configuration/ui'] with []
2022-04-22 13:06:11,647 INFO [main] o.s.s.w.DefaultSecurityFilterChain [DefaultSecurityFilterChain.java:51] Will secure Ant [pattern='/h2-console/**'] with []
2022-04-22 13:06:11,648 INFO [main] o.s.s.w.DefaultSecurityFilterChain [DefaultSecurityFilterChain.java:51] Will secure Ant [pattern='/swagger-resources/**'] with []
2022-04-22 13:06:11,648 INFO [main] o.s.s.w.DefaultSecurityFilterChain [DefaultSecurityFilterChain.java:51] Will secure Ant [pattern='/configuration/security'] with []
2022-04-22 13:06:11,648 INFO [main] o.s.s.w.DefaultSecurityFilterChain [DefaultSecurityFilterChain.java:51] Will secure Ant [pattern='/swagger-ui.html'] with []
2022-04-22 13:06:11,648 INFO [main] o.s.s.w.DefaultSecurityFilterChain [DefaultSecurityFilterChain.java:51] Will secure Ant [pattern='/webjars/**'] with []
2022-04-22 13:06:11,752 INFO [main] o.s.s.w.DefaultSecurityFilterChain [DefaultSecurityFilterChain.java:51] Will secure any request with [org.springframework.security.web.context.request.async.WebAsyncManagerIntegrationFilter@45add64c, org.springframework.security.web.context.SecurityContextPersistenceFilter@44835de9, org.springframework.security.web.header.HeaderWriterFilter@17e96b3c, org.springframework.web.filter.CorsFilter@702b656a, org.springframework.security.web.authentication.logout.LogoutFilter@1196950e, com.cellulant.iprs.security.CustomAuthorizationFilter@b0bd567, com.cellulant.iprs.security.CustomAuthenticationFilter@7f8586f9, org.springframework.security.web.savedrequest.RequestCacheAwareFilter@2542e124, org.springframework.security.web.servletapi.SecurityContextHolderAwareRequestFilter@6e4d660, org.springframework.security.web.authentication.AnonymousAuthenticationFilter@248227db, org.springframework.security.web.session.SessionManagementFilter@6316b9e3, org.springframework.security.web.access.ExceptionTranslationFilter@251d64d6, org.springframework.security.web.access.intercept.FilterSecurityInterceptor@72378bfd]
2022-04-22 13:06:12,058 INFO [main] o.s.s.c.ThreadPoolTaskExecutor [ExecutorConfigurationSupport.java:181] Initializing ExecutorService 'applicationTaskExecutor'
2022-04-22 13:06:12,427 INFO [main] o.a.c.h.Http11NioProtocol [DirectJDKLog.java:173] Starting ProtocolHandler ["http-nio-8090"]
2022-04-22 13:06:12,462 INFO [main] o.s.b.w.e.t.TomcatWebServer [TomcatWebServer.java:220] Tomcat started on port(s): 8090 (http) with context path ''
2022-04-22 13:06:12,463 INFO [main] s.d.s.w.p.DocumentationPluginsBootstrapper [DocumentationPluginsBootstrapper.java:160] Context refreshed
2022-04-22 13:06:12,498 INFO [main] s.d.s.w.p.DocumentationPluginsBootstrapper [DocumentationPluginsBootstrapper.java:163] Found 1 custom documentation plugin(s)
2022-04-22 13:06:12,537 INFO [main] s.d.s.w.s.ApiListingReferenceScanner [ApiListingReferenceScanner.java:41] Scanning for api listing references
2022-04-22 13:06:12,740 INFO [main] s.d.s.w.r.o.CachingOperationNameGenerator [CachingOperationNameGenerator.java:40] Generating unique operation named: findAllUsingGET_1
2022-04-22 13:06:12,764 INFO [main] s.d.s.w.r.o.CachingOperationNameGenerator [CachingOperationNameGenerator.java:40] Generating unique operation named: createUsingPOST_1
2022-04-22 13:06:12,779 INFO [main] s.d.s.w.r.o.CachingOperationNameGenerator [CachingOperationNameGenerator.java:40] Generating unique operation named: findAllUsingGET_2
2022-04-22 13:06:12,794 INFO [main] s.d.s.w.r.o.CachingOperationNameGenerator [CachingOperationNameGenerator.java:40] Generating unique operation named: createUsingPOST_2
2022-04-22 13:06:12,798 INFO [main] s.d.s.w.r.o.CachingOperationNameGenerator [CachingOperationNameGenerator.java:40] Generating unique operation named: findAllUsingGET_3
2022-04-22 13:06:12,802 INFO [main] s.d.s.w.r.o.CachingOperationNameGenerator [CachingOperationNameGenerator.java:40] Generating unique operation named: updateUsingPUT_1
2022-04-22 13:06:12,809 INFO [main] s.d.s.w.r.o.CachingOperationNameGenerator [CachingOperationNameGenerator.java:40] Generating unique operation named: findAllUsingGET_4
2022-04-22 13:06:12,828 INFO [main] s.d.s.w.r.o.CachingOperationNameGenerator [CachingOperationNameGenerator.java:40] Generating unique operation named: findAllUsingGET_5
2022-04-22 13:06:12,843 INFO [main] s.d.s.w.r.o.CachingOperationNameGenerator [CachingOperationNameGenerator.java:40] Generating unique operation named: createUsingPOST_3
2022-04-22 13:06:12,845 INFO [main] s.d.s.w.r.o.CachingOperationNameGenerator [CachingOperationNameGenerator.java:40] Generating unique operation named: findAllUsingGET_6
2022-04-22 13:06:12,871 INFO [main] s.d.s.w.r.o.CachingOperationNameGenerator [CachingOperationNameGenerator.java:40] Generating unique operation named: createUsingPOST_4
2022-04-22 13:06:12,891 INFO [main] s.d.s.w.r.o.CachingOperationNameGenerator [CachingOperationNameGenerator.java:40] Generating unique operation named: deleteUsingDELETE_1
2022-04-22 13:06:12,894 INFO [main] s.d.s.w.r.o.CachingOperationNameGenerator [CachingOperationNameGenerator.java:40] Generating unique operation named: findAllUsingGET_7
2022-04-22 13:06:12,908 INFO [main] s.d.s.w.r.o.CachingOperationNameGenerator [CachingOperationNameGenerator.java:40] Generating unique operation named: findCountUsingGET_1
2022-04-22 13:06:12,916 INFO [main] s.d.s.w.r.o.CachingOperationNameGenerator [CachingOperationNameGenerator.java:40] Generating unique operation named: createUsingPOST_5
2022-04-22 13:06:12,918 INFO [main] s.d.s.w.r.o.CachingOperationNameGenerator [CachingOperationNameGenerator.java:40] Generating unique operation named: findAllUsingGET_8
2022-04-22 13:06:12,925 INFO [main] s.d.s.w.r.o.CachingOperationNameGenerator [CachingOperationNameGenerator.java:40] Generating unique operation named: findCountUsingGET_2
2022-04-22 13:06:12,941 INFO [main] s.d.s.w.r.o.CachingOperationNameGenerator [CachingOperationNameGenerator.java:40] Generating unique operation named: createUsingPOST_6
2022-04-22 13:06:12,944 INFO [main] s.d.s.w.r.o.CachingOperationNameGenerator [CachingOperationNameGenerator.java:40] Generating unique operation named: deleteUsingDELETE_2
2022-04-22 13:06:12,947 INFO [main] s.d.s.w.r.o.CachingOperationNameGenerator [CachingOperationNameGenerator.java:40] Generating unique operation named: findAllUsingGET_9
2022-04-22 13:06:12,954 INFO [main] s.d.s.w.r.o.CachingOperationNameGenerator [CachingOperationNameGenerator.java:40] Generating unique operation named: findAllActiveUsingGET_1
2022-04-22 13:06:12,960 INFO [main] s.d.s.w.r.o.CachingOperationNameGenerator [CachingOperationNameGenerator.java:40] Generating unique operation named: updateUsingPUT_2
2022-04-22 13:06:12,973 INFO [main] s.d.s.w.r.o.CachingOperationNameGenerator [CachingOperationNameGenerator.java:40] Generating unique operation named: createUsingPOST_7
2022-04-22 13:06:12,976 INFO [main] s.d.s.w.r.o.CachingOperationNameGenerator [CachingOperationNameGenerator.java:40] Generating unique operation named: deleteUsingDELETE_3
2022-04-22 13:06:12,983 INFO [main] s.d.s.w.r.o.CachingOperationNameGenerator [CachingOperationNameGenerator.java:40] Generating unique operation named: findAllUsingGET_10
2022-04-22 13:06:12,987 INFO [main] s.d.s.w.r.o.CachingOperationNameGenerator [CachingOperationNameGenerator.java:40] Generating unique operation named: updateUsingPUT_3
2022-04-22 13:06:13,033 INFO [main] s.d.s.w.r.o.CachingOperationNameGenerator [CachingOperationNameGenerator.java:40] Generating unique operation named: createUsingPOST_8
2022-04-22 13:06:13,036 INFO [main] s.d.s.w.r.o.CachingOperationNameGenerator [CachingOperationNameGenerator.java:40] Generating unique operation named: deleteUserUsingDELETE_1
2022-04-22 13:06:13,040 INFO [main] s.d.s.w.r.o.CachingOperationNameGenerator [CachingOperationNameGenerator.java:40] Generating unique operation named: findAllUsingGET_11
2022-04-22 13:06:13,060 INFO [main] s.d.s.w.r.o.CachingOperationNameGenerator [CachingOperationNameGenerator.java:40] Generating unique operation named: updateUsingPUT_4
2022-04-22 13:06:13,184 INFO [main] c.c.i.IprsApplication [StartupInfoLogger.java:61] Started IprsApplication in 11.682 seconds (JVM running for 12.798)
2022-04-22 13:06:13,298 INFO [main] c.c.i.IprsApplication [IprsApplication.java:43] ============ starting inserting data ===============
2022-04-22 13:06:13,517 INFO [main] c.c.i.IprsApplication [IprsApplication.java:269] ============ finished inserting data ===============
2022-04-22 13:11:15,370 INFO [http-nio-8090-exec-1] o.a.c.c.C.[.[.[/] [DirectJDKLog.java:173] Initializing Spring DispatcherServlet 'dispatcherServlet'
2022-04-22 13:11:15,371 INFO [http-nio-8090-exec-1] o.s.w.s.DispatcherServlet [FrameworkServlet.java:525] Initializing Servlet 'dispatcherServlet'
2022-04-22 13:11:15,376 INFO [http-nio-8090-exec-1] o.s.w.s.DispatcherServlet [FrameworkServlet.java:547] Completed initialization in 5 ms
2022-04-22 13:11:15,523 INFO [http-nio-8090-exec-1] c.c.i.s.CustomAuthorizationFilter [CustomAuthorizationFilter.java:37] auth => null
2022-04-22 13:11:15,636 INFO [http-nio-8090-exec-1] c.c.i.a.MerchantResource [MerchantResource.java:22] findAllInventory
2022-04-22 13:11:35,327 INFO [http-nio-8090-exec-2] c.c.i.s.CustomAuthorizationFilter [CustomAuthorizationFilter.java:37] auth => null
2022-04-22 13:11:35,329 INFO [http-nio-8090-exec-2] c.c.i.a.ProcedureResource [ProcedureResource.java:33] findAllProcedures
2022-04-22 13:11:54,064 INFO [http-nio-8090-exec-3] c.c.i.s.CustomAuthorizationFilter [CustomAuthorizationFilter.java:37] auth => null
2022-04-22 13:11:54,068 INFO [http-nio-8090-exec-3] c.c.i.a.ProcedureResource [ProcedureResource.java:33] findAllProcedures
2022-04-22 13:12:04,798 INFO [http-nio-8090-exec-4] c.c.i.s.CustomAuthorizationFilter [CustomAuthorizationFilter.java:37] auth => null
2022-04-22 13:12:04,802 INFO [http-nio-8090-exec-4] c.c.i.a.MerchantResource [MerchantResource.java:22] findAllInventory
2022-04-22 13:15:08,279 INFO [http-nio-8090-exec-7] c.c.i.s.CustomAuthorizationFilter [CustomAuthorizationFilter.java:33] hello world login
2022-04-22 13:15:08,280 INFO [http-nio-8090-exec-7] c.c.i.s.CustomAuthenticationFilter [CustomAuthenticationFilter.java:60] the request org.springframework.security.web.header.HeaderWriterFilter$HeaderWriterRequest@c1e5ab6
2022-04-22 13:15:08,280 INFO [http-nio-8090-exec-7] c.c.i.s.CustomAuthenticationFilter [CustomAuthenticationFilter.java:62] the request2 org.apache.catalina.connector.CoyoteReader@2d9a545
2022-04-22 13:15:08,321 INFO [http-nio-8090-exec-7] c.c.i.s.CustomAuthenticationFilter [CustomAuthenticationFilter.java:71] Email is: marynjoroge@gmail.com
2022-04-22 13:15:08,321 INFO [http-nio-8090-exec-7] c.c.i.s.CustomAuthenticationFilter [CustomAuthenticationFilter.java:72] Password is: joe123
2022-04-22 13:15:08,321 INFO [http-nio-8090-exec-7] c.c.i.s.CustomAuthenticationFilter [CustomAuthenticationFilter.java:73] Login attempt is: 0
2022-04-22 13:15:08,703 INFO [http-nio-8090-exec-7] c.c.i.s.CustomAuthenticationFilter [CustomAuthenticationFilter.java:109] authResponse101 marynjoroge
2022-04-22 13:15:08,721 INFO [http-nio-8090-exec-7] c.c.i.s.CustomAuthenticationFilter [CustomAuthenticationFilter.java:133] authResponse AuthenticationResponseDTO(user=User(userID=2, roleID=2, userName=marynjoroge, fullName=mary njoroge, emailAddress=marynjoroge@gmail.com, password=$2a$10$mshYoSOeC.zPw7q94KzDIePZmTad.qjQLkgXlhwBd8sNUjeHCQcSa, roles=[Role(roleID=3, roleName=ROLE_CREATOR, roleAlias=CREATOR)]), accessToken=eyJ0eXAiOiJKV1QiLCJhbGciOiJIUzI1NiJ9.eyJzdWIiOiJtYXJ5bmpvcm9nZSIsInJvbGVzIjpbIlJPTEVfQ1JFQVRPUiJdLCJpc3MiOiJodHRwOi8vbG9jYWxob3N0OjgwOTAvYXBpL2xvZ2luIiwiZXhwIjoxNjUxODIyNTA4fQ.Y_iE7Blg9c6TFjP59LyxJ91yzRI05qcqymgGqW7hhmE, refreshToken=eyJ0eXAiOiJKV1QiLCJhbGciOiJIUzI1NiJ9.eyJzdWIiOiJtYXJ5bmpvcm9nZSIsImlzcyI6Imh0dHA6Ly9sb2NhbGhvc3Q6ODA5MC9hcGkvbG9naW4iLCJleHAiOjE2NTI0MjI1MDh9.UA0c3yDoJg4E3b7d46JdPxkBdsfdGfYzZD0n0KWHSaE)
2022-04-22 13:15:08,777 INFO [http-nio-8090-exec-9] c.c.i.s.CustomAuthorizationFilter [CustomAuthorizationFilter.java:37] auth => Bearer eyJ0eXAiOiJKV1QiLCJhbGciOiJIUzI1NiJ9.eyJzdWIiOiJtYXJ5bmpvcm9nZSIsInJvbGVzIjpbIlJPTEVfQ1JFQVRPUiJdLCJpc3MiOiJodHRwOi8vbG9jYWxob3N0OjgwOTAvYXBpL2xvZ2luIiwiZXhwIjoxNjUxODIyNTA4fQ.Y_iE7Blg9c6TFjP59LyxJ91yzRI05qcqymgGqW7hhmE
2022-04-22 13:15:08,816 INFO [http-nio-8090-exec-9] c.c.i.a.ProcedureResource [ProcedureResource.java:33] findAllProcedures
2022-04-22 13:15:18,145 INFO [http-nio-8090-exec-1] c.c.i.s.CustomAuthorizationFilter [CustomAuthorizationFilter.java:37] auth => Bearer eyJ0eXAiOiJKV1QiLCJhbGciOiJIUzI1NiJ9.eyJzdWIiOiJtYXJ5bmpvcm9nZSIsInJvbGVzIjpbIlJPTEVfQ1JFQVRPUiJdLCJpc3MiOiJodHRwOi8vbG9jYWxob3N0OjgwOTAvYXBpL2xvZ2luIiwiZXhwIjoxNjUxODIyNTA4fQ.Y_iE7Blg9c6TFjP59LyxJ91yzRI05qcqymgGqW7hhmE
2022-04-22 13:15:18,157 INFO [http-nio-8090-exec-1] c.c.i.a.MerchantResource [MerchantResource.java:28] findAllProduct 2
2022-04-22 13:15:18,160 INFO [http-nio-8090-exec-1] c.c.i.a.MerchantResource [MerchantResource.java:29] findAllProduct2 [Product(productID=1, userID=2, name=Perfume, price=1000.0, overallprice=990.0, count=4, discount=100.0, sale=10, description=hello world, thumbnail=hello.png, status=1, dateCreated=2022-04-22 13:06:13.516)]
2022-04-22 13:20:45,453 INFO [SpringContextShutdownHook] o.s.s.c.ThreadPoolTaskExecutor [ExecutorConfigurationSupport.java:218] Shutting down ExecutorService 'applicationTaskExecutor'
2022-04-22 13:20:45,472 INFO [SpringContextShutdownHook] o.s.o.j.LocalContainerEntityManagerFactoryBean [AbstractEntityManagerFactoryBean.java:651] Closing JPA EntityManagerFactory for persistence unit 'default'
2022-04-22 13:20:45,475 INFO [SpringContextShutdownHook] o.h.t.s.i.SchemaDropperImpl$DelayedDropActionImpl [SchemaDropperImpl.java:526] HHH000477: Starting delayed evictData of schema as part of SessionFactory shut-down'
2022-04-22 13:20:45,488 INFO [SpringContextShutdownHook] c.z.h.HikariDataSource [HikariDataSource.java:350] HikariPool-1 - Shutdown initiated...
2022-04-22 13:20:45,492 INFO [SpringContextShutdownHook] c.z.h.HikariDataSource [HikariDataSource.java:352] HikariPool-1 - Shutdown completed.
