2022-02-08 17:35:32,223 INFO [background-preinit] o.h.v.i.u.Version [Version.java:21] HV000001: Hibernate Validator 6.2.0.Final
2022-02-08 17:35:32,227 INFO [main] c.c.i.c.RoleResourceTest [StartupInfoLogger.java:55] Starting RoleResourceTest using Java 1.8.0_242 on Josephs-MacBook-Pro.local with PID 68117 (started by abala in /Users/abala/abala/projects/cellulant/iprs/engine/iprs)
2022-02-08 17:35:32,228 INFO [main] c.c.i.c.RoleResourceTest [SpringApplication.java:635] No active profile set, falling back to default profiles: default
2022-02-08 17:35:33,071 INFO [main] o.s.d.r.c.RepositoryConfigurationDelegate [RepositoryConfigurationDelegate.java:132] Bootstrapping Spring Data JPA repositories in DEFAULT mode.
2022-02-08 17:35:33,168 INFO [main] o.s.d.r.c.RepositoryConfigurationDelegate [RepositoryConfigurationDelegate.java:201] Finished Spring Data repository scanning in 78 ms. Found 8 JPA repository interfaces.
2022-02-08 17:35:34,485 INFO [main] o.s.c.s.PostProcessorRegistrationDelegate$BeanPostProcessorChecker [PostProcessorRegistrationDelegate.java:376] Bean 'org.springframework.ws.config.annotation.DelegatingWsConfiguration' of type [org.springframework.ws.config.annotation.DelegatingWsConfiguration$$EnhancerBySpringCGLIB$$cb43fbfb] is not eligible for getting processed by all BeanPostProcessors (for example: not eligible for auto-proxying)
2022-02-08 17:35:34,533 INFO [main] o.s.w.s.a.s.AnnotationActionEndpointMapping [AbstractAddressingEndpointMapping.java:239] Supporting [WS-Addressing August 2004, WS-Addressing 1.0]
2022-02-08 17:35:34,877 INFO [main] o.h.j.i.u.LogHelper [LogHelper.java:31] HHH000204: Processing PersistenceUnitInfo [name: default]
2022-02-08 17:35:34,961 INFO [main] o.h.Version [Version.java:44] HHH000412: Hibernate ORM core version 5.6.3.Final
2022-02-08 17:35:35,021 INFO [main] o.h.a.c.Version [JavaReflectionManager.java:56] HCANN000001: Hibernate Commons Annotations {5.1.2.Final}
2022-02-08 17:35:35,174 INFO [main] c.z.h.HikariDataSource [HikariDataSource.java:110] HikariPool-1 - Starting...
2022-02-08 17:35:35,349 INFO [main] c.z.h.HikariDataSource [HikariDataSource.java:123] HikariPool-1 - Start completed.
2022-02-08 17:35:35,396 INFO [main] o.h.d.Dialect [Dialect.java:175] HHH000400: Using dialect: org.hibernate.dialect.PostgreSQL95Dialect
2022-02-08 17:35:36,354 INFO [main] o.h.e.t.j.p.i.JtaPlatformInitiator [JtaPlatformInitiator.java:52] HHH000490: Using JtaPlatform implementation: [org.hibernate.engine.transaction.jta.platform.internal.NoJtaPlatform]
2022-02-08 17:35:36,371 INFO [main] o.s.o.j.LocalContainerEntityManagerFactoryBean [AbstractEntityManagerFactoryBean.java:437] Initialized JPA EntityManagerFactory for persistence unit 'default'
2022-02-08 17:35:37,508 WARN [main] o.s.b.a.o.j.JpaBaseConfiguration$JpaWebConfiguration [JpaBaseConfiguration.java:219] spring.jpa.open-in-view is enabled by default. Therefore, database queries may be performed during view rendering. Explicitly configure spring.jpa.open-in-view to disable this warning
2022-02-08 17:35:38,116 INFO [main] o.s.s.w.DefaultSecurityFilterChain [DefaultSecurityFilterChain.java:51] Will secure any request with [org.springframework.security.web.context.request.async.WebAsyncManagerIntegrationFilter@49c13ecd, org.springframework.security.web.context.SecurityContextPersistenceFilter@21ab919c, org.springframework.security.web.header.HeaderWriterFilter@17c34e62, org.springframework.web.filter.CorsFilter@191b44ca, org.springframework.security.web.authentication.logout.LogoutFilter@56dde9f7, com.cellulant.iprs.security.CustomAuthorizationFilter@2f4545c6, com.cellulant.iprs.security.CustomAuthenticationFilter@482942d8, org.springframework.security.web.savedrequest.RequestCacheAwareFilter@5db90818, org.springframework.security.web.servletapi.SecurityContextHolderAwareRequestFilter@6694fb1b, org.springframework.security.web.authentication.AnonymousAuthenticationFilter@2cd52eda, org.springframework.security.web.session.SessionManagementFilter@6bf28f61, org.springframework.security.web.access.ExceptionTranslationFilter@665b441e, org.springframework.security.web.access.intercept.FilterSecurityInterceptor@bcd9ed6]
2022-02-08 17:35:39,658 INFO [main] o.s.b.t.m.w.SpringBootMockServletContext [MockServletContext.java:455] Initializing Spring TestDispatcherServlet ''
2022-02-08 17:35:39,658 INFO [main] o.s.t.w.s.TestDispatcherServlet [FrameworkServlet.java:525] Initializing Servlet ''
2022-02-08 17:35:39,670 INFO [main] o.s.b.a.e.w.EndpointLinksResolver [EndpointLinksResolver.java:58] Exposing 1 endpoint(s) beneath base path '/actuator'
2022-02-08 17:35:39,750 INFO [main] o.s.t.w.s.TestDispatcherServlet [FrameworkServlet.java:547] Completed initialization in 91 ms
2022-02-08 17:35:39,826 INFO [main] c.c.i.c.RoleResourceTest [StartupInfoLogger.java:61] Started RoleResourceTest in 7.98 seconds (JVM running for 9.188)
2022-02-08 17:35:39,906 INFO [main] o.s.b.t.m.w.SpringBootMockServletContext [MockServletContext.java:455] Initializing Spring TestDispatcherServlet ''
2022-02-08 17:35:39,906 INFO [main] o.s.t.w.s.TestDispatcherServlet [FrameworkServlet.java:525] Initializing Servlet ''
2022-02-08 17:35:39,907 INFO [main] o.s.t.w.s.TestDispatcherServlet [FrameworkServlet.java:547] Completed initialization in 1 ms
2022-02-08 17:35:39,971 INFO [main] c.c.i.a.RoleResource [RoleResource.java:45] findAllRoles
2022-02-08 17:35:40,040 INFO [main] o.s.b.t.m.w.SpringBootMockServletContext [MockServletContext.java:455] Initializing Spring TestDispatcherServlet ''
2022-02-08 17:35:40,040 INFO [main] o.s.t.w.s.TestDispatcherServlet [FrameworkServlet.java:525] Initializing Servlet ''
2022-02-08 17:35:40,042 INFO [main] o.s.t.w.s.TestDispatcherServlet [FrameworkServlet.java:547] Completed initialization in 1 ms
2022-02-08 17:35:40,051 INFO [main] o.s.b.t.m.w.SpringBootMockServletContext [MockServletContext.java:455] Initializing Spring TestDispatcherServlet ''
2022-02-08 17:35:40,051 INFO [main] o.s.t.w.s.TestDispatcherServlet [FrameworkServlet.java:525] Initializing Servlet ''
2022-02-08 17:35:40,054 INFO [main] o.s.t.w.s.TestDispatcherServlet [FrameworkServlet.java:547] Completed initialization in 2 ms
2022-02-08 17:35:40,320 INFO [main] o.s.b.t.m.w.SpringBootMockServletContext [MockServletContext.java:455] Initializing Spring TestDispatcherServlet ''
2022-02-08 17:35:40,320 INFO [main] o.s.t.w.s.TestDispatcherServlet [FrameworkServlet.java:525] Initializing Servlet ''
2022-02-08 17:35:40,321 INFO [main] o.s.t.w.s.TestDispatcherServlet [FrameworkServlet.java:547] Completed initialization in 1 ms
2022-02-08 17:35:40,328 INFO [main] c.c.i.a.RoleResource [RoleResource.java:45] findAllRoles
2022-02-08 17:35:40,369 INFO [main] o.s.b.t.m.w.SpringBootMockServletContext [MockServletContext.java:455] Initializing Spring TestDispatcherServlet ''
2022-02-08 17:35:40,370 INFO [main] o.s.t.w.s.TestDispatcherServlet [FrameworkServlet.java:525] Initializing Servlet ''
2022-02-08 17:35:40,373 INFO [main] o.s.t.w.s.TestDispatcherServlet [FrameworkServlet.java:547] Completed initialization in 2 ms
2022-02-08 17:35:40,393 INFO [main] o.s.b.t.m.w.SpringBootMockServletContext [MockServletContext.java:455] Initializing Spring TestDispatcherServlet ''
2022-02-08 17:35:40,394 INFO [main] o.s.t.w.s.TestDispatcherServlet [FrameworkServlet.java:525] Initializing Servlet ''
2022-02-08 17:35:40,397 INFO [main] o.s.t.w.s.TestDispatcherServlet [FrameworkServlet.java:547] Completed initialization in 2 ms
2022-02-08 17:35:40,416 INFO [main] c.c.i.a.RoleResource [RoleResource.java:33] update 2 world
2022-02-08 17:35:40,456 INFO [main] o.s.b.t.m.w.SpringBootMockServletContext [MockServletContext.java:455] Initializing Spring TestDispatcherServlet ''
2022-02-08 17:35:40,456 INFO [main] o.s.t.w.s.TestDispatcherServlet [FrameworkServlet.java:525] Initializing Servlet ''
2022-02-08 17:35:40,461 INFO [main] o.s.t.w.s.TestDispatcherServlet [FrameworkServlet.java:547] Completed initialization in 4 ms
2022-02-08 17:35:40,473 INFO [main] o.s.b.t.m.w.SpringBootMockServletContext [MockServletContext.java:455] Initializing Spring TestDispatcherServlet ''
2022-02-08 17:35:40,474 INFO [main] o.s.t.w.s.TestDispatcherServlet [FrameworkServlet.java:525] Initializing Servlet ''
2022-02-08 17:35:40,476 INFO [main] o.s.t.w.s.TestDispatcherServlet [FrameworkServlet.java:547] Completed initialization in 2 ms
2022-02-08 17:35:40,486 INFO [main] o.s.b.t.m.w.SpringBootMockServletContext [MockServletContext.java:455] Initializing Spring TestDispatcherServlet ''
2022-02-08 17:35:40,486 INFO [main] o.s.t.w.s.TestDispatcherServlet [FrameworkServlet.java:525] Initializing Servlet ''
2022-02-08 17:35:40,488 INFO [main] o.s.t.w.s.TestDispatcherServlet [FrameworkServlet.java:547] Completed initialization in 1 ms
2022-02-08 17:35:40,493 INFO [main] c.c.i.a.RoleResource [RoleResource.java:45] findAllRoles
2022-02-08 17:35:40,506 INFO [main] o.s.b.t.m.w.SpringBootMockServletContext [MockServletContext.java:455] Initializing Spring TestDispatcherServlet ''
2022-02-08 17:35:40,506 INFO [main] o.s.t.w.s.TestDispatcherServlet [FrameworkServlet.java:525] Initializing Servlet ''
2022-02-08 17:35:40,509 INFO [main] o.s.t.w.s.TestDispatcherServlet [FrameworkServlet.java:547] Completed initialization in 2 ms
2022-02-08 17:35:40,512 INFO [main] c.c.i.a.RoleResource [RoleResource.java:39] delete 1
2022-02-08 17:35:40,524 INFO [main] o.s.b.t.m.w.SpringBootMockServletContext [MockServletContext.java:455] Initializing Spring TestDispatcherServlet ''
2022-02-08 17:35:40,525 INFO [main] o.s.t.w.s.TestDispatcherServlet [FrameworkServlet.java:525] Initializing Servlet ''
2022-02-08 17:35:40,527 INFO [main] o.s.t.w.s.TestDispatcherServlet [FrameworkServlet.java:547] Completed initialization in 2 ms
2022-02-08 17:35:40,548 INFO [main] o.s.b.t.c.SpringBootTestContextBootstrapper [AbstractTestContextBootstrapper.java:305] Neither @ContextConfiguration nor @ContextHierarchy found for test class [com.cellulant.iprs.IprsApplicationTests], using SpringBootContextLoader
2022-02-08 17:35:40,550 INFO [main] o.s.t.c.s.AbstractContextLoader [AbstractContextLoader.java:264] Could not detect default resource locations for test class [com.cellulant.iprs.IprsApplicationTests]: no resource found for suffixes {-context.xml, Context.groovy}.
2022-02-08 17:35:40,551 INFO [main] o.s.t.c.s.AnnotationConfigContextLoaderUtils [AnnotationConfigContextLoaderUtils.java:83] Could not detect default configuration classes for test class [com.cellulant.iprs.IprsApplicationTests]: IprsApplicationTests does not declare any static, non-private, non-final, nested classes annotated with @Configuration.
2022-02-08 17:35:40,559 INFO [main] o.s.b.t.c.SpringBootTestContextBootstrapper [SpringBootTestContextBootstrapper.java:238] Found @SpringBootConfiguration com.cellulant.iprs.IprsApplication for test class com.cellulant.iprs.IprsApplicationTests
2022-02-08 17:35:40,572 INFO [main] o.s.b.t.c.SpringBootTestContextBootstrapper [AbstractTestContextBootstrapper.java:245] Loaded default TestExecutionListener class names from location [META-INF/spring.factories]: [org.springframework.boot.test.mock.mockito.MockitoTestExecutionListener, org.springframework.boot.test.mock.mockito.ResetMocksTestExecutionListener, org.springframework.boot.test.autoconfigure.restdocs.RestDocsTestExecutionListener, org.springframework.boot.test.autoconfigure.web.client.MockRestServiceServerResetTestExecutionListener, org.springframework.boot.test.autoconfigure.web.servlet.MockMvcPrintOnlyOnFailureTestExecutionListener, org.springframework.boot.test.autoconfigure.web.servlet.WebDriverTestExecutionListener, org.springframework.boot.test.autoconfigure.webservices.client.MockWebServiceServerTestExecutionListener, org.springframework.test.context.web.ServletTestExecutionListener, org.springframework.test.context.support.DirtiesContextBeforeModesTestExecutionListener, org.springframework.test.context.event.ApplicationEventsTestExecutionListener, org.springframework.test.context.support.DependencyInjectionTestExecutionListener, org.springframework.test.context.support.DirtiesContextTestExecutionListener, org.springframework.test.context.transaction.TransactionalTestExecutionListener, org.springframework.test.context.jdbc.SqlScriptsTestExecutionListener, org.springframework.test.context.event.EventPublishingTestExecutionListener, org.springframework.security.test.context.support.WithSecurityContextTestExecutionListener, org.springframework.security.test.context.support.ReactorContextTestExecutionListener]
2022-02-08 17:35:40,573 INFO [main] o.s.b.t.c.SpringBootTestContextBootstrapper [AbstractTestContextBootstrapper.java:174] Using TestExecutionListeners: [org.springframework.test.context.web.ServletTestExecutionListener@5d782a4a, org.springframework.test.context.support.DirtiesContextBeforeModesTestExecutionListener@cc91fe3, org.springframework.test.context.event.ApplicationEventsTestExecutionListener@481c1e92, org.springframework.boot.test.mock.mockito.MockitoTestExecutionListener@66f223fa, org.springframework.boot.test.autoconfigure.SpringBootDependencyInjectionTestExecutionListener@7ac47f14, org.springframework.test.context.support.DirtiesContextTestExecutionListener@3eb641a8, org.springframework.test.context.transaction.TransactionalTestExecutionListener@16f62062, org.springframework.test.context.jdbc.SqlScriptsTestExecutionListener@61ec2cb5, org.springframework.test.context.event.EventPublishingTestExecutionListener@3889c343, org.springframework.security.test.context.support.WithSecurityContextTestExecutionListener@34be7efb, org.springframework.security.test.context.support.ReactorContextTestExecutionListener@136cad3e, org.springframework.boot.test.mock.mockito.ResetMocksTestExecutionListener@13e5b262, org.springframework.boot.test.autoconfigure.restdocs.RestDocsTestExecutionListener@6500e886, org.springframework.boot.test.autoconfigure.web.client.MockRestServiceServerResetTestExecutionListener@220e1b7b, org.springframework.boot.test.autoconfigure.web.servlet.MockMvcPrintOnlyOnFailureTestExecutionListener@54fd5759, org.springframework.boot.test.autoconfigure.web.servlet.WebDriverTestExecutionListener@6a358906, org.springframework.boot.test.autoconfigure.webservices.client.MockWebServiceServerTestExecutionListener@893081e]
2022-02-08 17:35:40,626 INFO [main] c.c.i.IprsApplicationTests [StartupInfoLogger.java:55] Starting IprsApplicationTests using Java 1.8.0_242 on Josephs-MacBook-Pro.local with PID 68117 (started by abala in /Users/abala/abala/projects/cellulant/iprs/engine/iprs)
2022-02-08 17:35:40,626 INFO [main] c.c.i.IprsApplicationTests [SpringApplication.java:635] No active profile set, falling back to default profiles: default
2022-02-08 17:35:40,875 INFO [main] o.s.d.r.c.RepositoryConfigurationDelegate [RepositoryConfigurationDelegate.java:132] Bootstrapping Spring Data JPA repositories in DEFAULT mode.
2022-02-08 17:35:40,894 INFO [main] o.s.d.r.c.RepositoryConfigurationDelegate [RepositoryConfigurationDelegate.java:201] Finished Spring Data repository scanning in 18 ms. Found 8 JPA repository interfaces.
2022-02-08 17:35:41,072 INFO [main] o.s.c.s.PostProcessorRegistrationDelegate$BeanPostProcessorChecker [PostProcessorRegistrationDelegate.java:376] Bean 'org.springframework.ws.config.annotation.DelegatingWsConfiguration' of type [org.springframework.ws.config.annotation.DelegatingWsConfiguration$$EnhancerBySpringCGLIB$$cb43fbfb] is not eligible for getting processed by all BeanPostProcessors (for example: not eligible for auto-proxying)
2022-02-08 17:35:41,079 INFO [main] o.s.w.s.a.s.AnnotationActionEndpointMapping [AbstractAddressingEndpointMapping.java:239] Supporting [WS-Addressing August 2004, WS-Addressing 1.0]
2022-02-08 17:35:41,215 INFO [main] o.h.j.i.u.LogHelper [LogHelper.java:31] HHH000204: Processing PersistenceUnitInfo [name: default]
2022-02-08 17:35:41,221 INFO [main] c.z.h.HikariDataSource [HikariDataSource.java:110] HikariPool-2 - Starting...
2022-02-08 17:35:41,230 INFO [main] c.z.h.HikariDataSource [HikariDataSource.java:123] HikariPool-2 - Start completed.
2022-02-08 17:35:41,231 INFO [main] o.h.d.Dialect [Dialect.java:175] HHH000400: Using dialect: org.hibernate.dialect.PostgreSQL95Dialect
2022-02-08 17:35:41,573 INFO [main] o.h.e.t.j.p.i.JtaPlatformInitiator [JtaPlatformInitiator.java:52] HHH000490: Using JtaPlatform implementation: [org.hibernate.engine.transaction.jta.platform.internal.NoJtaPlatform]
2022-02-08 17:35:41,574 INFO [main] o.s.o.j.LocalContainerEntityManagerFactoryBean [AbstractEntityManagerFactoryBean.java:437] Initialized JPA EntityManagerFactory for persistence unit 'default'
2022-02-08 17:35:41,967 WARN [main] o.s.b.a.o.j.JpaBaseConfiguration$JpaWebConfiguration [JpaBaseConfiguration.java:219] spring.jpa.open-in-view is enabled by default. Therefore, database queries may be performed during view rendering. Explicitly configure spring.jpa.open-in-view to disable this warning
2022-02-08 17:35:42,165 INFO [main] o.s.s.w.DefaultSecurityFilterChain [DefaultSecurityFilterChain.java:51] Will secure any request with [org.springframework.security.web.context.request.async.WebAsyncManagerIntegrationFilter@3e3d8e6c, org.springframework.security.web.context.SecurityContextPersistenceFilter@32f8a37b, org.springframework.security.web.header.HeaderWriterFilter@408bb173, org.springframework.web.filter.CorsFilter@7e9ea888, org.springframework.security.web.authentication.logout.LogoutFilter@32eeef08, com.cellulant.iprs.security.CustomAuthorizationFilter@7fd3197b, com.cellulant.iprs.security.CustomAuthenticationFilter@1d2ce035, org.springframework.security.web.savedrequest.RequestCacheAwareFilter@657e7e8, org.springframework.security.web.servletapi.SecurityContextHolderAwareRequestFilter@1b4ade78, org.springframework.security.web.authentication.AnonymousAuthenticationFilter@6a087c72, org.springframework.security.web.session.SessionManagementFilter@360d0c7a, org.springframework.security.web.access.ExceptionTranslationFilter@b97f195, org.springframework.security.web.access.intercept.FilterSecurityInterceptor@62b2bc2e]
2022-02-08 17:35:42,770 INFO [main] o.s.b.a.e.w.EndpointLinksResolver [EndpointLinksResolver.java:58] Exposing 1 endpoint(s) beneath base path '/actuator'
2022-02-08 17:35:42,830 INFO [main] c.c.i.IprsApplicationTests [StartupInfoLogger.java:61] Started IprsApplicationTests in 2.251 seconds (JVM running for 12.192)
2022-02-08 17:35:42,838 INFO [main] o.s.b.t.c.SpringBootTestContextBootstrapper [AbstractTestContextBootstrapper.java:305] Neither @ContextConfiguration nor @ContextHierarchy found for test class [com.cellulant.iprs.service.RoleServiceImplTest], using SpringBootContextLoader
2022-02-08 17:35:42,839 INFO [main] o.s.t.c.s.AbstractContextLoader [AbstractContextLoader.java:264] Could not detect default resource locations for test class [com.cellulant.iprs.service.RoleServiceImplTest]: no resource found for suffixes {-context.xml, Context.groovy}.
2022-02-08 17:35:42,839 INFO [main] o.s.t.c.s.AnnotationConfigContextLoaderUtils [AnnotationConfigContextLoaderUtils.java:83] Could not detect default configuration classes for test class [com.cellulant.iprs.service.RoleServiceImplTest]: RoleServiceImplTest does not declare any static, non-private, non-final, nested classes annotated with @Configuration.
2022-02-08 17:35:42,847 INFO [main] o.s.b.t.c.SpringBootTestContextBootstrapper [SpringBootTestContextBootstrapper.java:238] Found @SpringBootConfiguration com.cellulant.iprs.IprsApplication for test class com.cellulant.iprs.service.RoleServiceImplTest
2022-02-08 17:35:42,849 INFO [main] o.s.b.t.c.SpringBootTestContextBootstrapper [AbstractTestContextBootstrapper.java:245] Loaded default TestExecutionListener class names from location [META-INF/spring.factories]: [org.springframework.boot.test.mock.mockito.MockitoTestExecutionListener, org.springframework.boot.test.mock.mockito.ResetMocksTestExecutionListener, org.springframework.boot.test.autoconfigure.restdocs.RestDocsTestExecutionListener, org.springframework.boot.test.autoconfigure.web.client.MockRestServiceServerResetTestExecutionListener, org.springframework.boot.test.autoconfigure.web.servlet.MockMvcPrintOnlyOnFailureTestExecutionListener, org.springframework.boot.test.autoconfigure.web.servlet.WebDriverTestExecutionListener, org.springframework.boot.test.autoconfigure.webservices.client.MockWebServiceServerTestExecutionListener, org.springframework.test.context.web.ServletTestExecutionListener, org.springframework.test.context.support.DirtiesContextBeforeModesTestExecutionListener, org.springframework.test.context.event.ApplicationEventsTestExecutionListener, org.springframework.test.context.support.DependencyInjectionTestExecutionListener, org.springframework.test.context.support.DirtiesContextTestExecutionListener, org.springframework.test.context.transaction.TransactionalTestExecutionListener, org.springframework.test.context.jdbc.SqlScriptsTestExecutionListener, org.springframework.test.context.event.EventPublishingTestExecutionListener, org.springframework.security.test.context.support.WithSecurityContextTestExecutionListener, org.springframework.security.test.context.support.ReactorContextTestExecutionListener]
2022-02-08 17:35:42,850 INFO [main] o.s.b.t.c.SpringBootTestContextBootstrapper [AbstractTestContextBootstrapper.java:174] Using TestExecutionListeners: [org.springframework.test.context.web.ServletTestExecutionListener@3c3357c7, org.springframework.test.context.support.DirtiesContextBeforeModesTestExecutionListener@506d7fed, org.springframework.test.context.event.ApplicationEventsTestExecutionListener@1bdb6b36, org.springframework.boot.test.mock.mockito.MockitoTestExecutionListener@381d7c4c, org.springframework.boot.test.autoconfigure.SpringBootDependencyInjectionTestExecutionListener@1e3689e7, org.springframework.test.context.support.DirtiesContextTestExecutionListener@259f0fdb, org.springframework.test.context.transaction.TransactionalTestExecutionListener@655d5285, org.springframework.test.context.jdbc.SqlScriptsTestExecutionListener@36f1bd7e, org.springframework.test.context.event.EventPublishingTestExecutionListener@1c2273f6, org.springframework.security.test.context.support.WithSecurityContextTestExecutionListener@411e567e, org.springframework.security.test.context.support.ReactorContextTestExecutionListener@4e58eda2, org.springframework.boot.test.mock.mockito.ResetMocksTestExecutionListener@75f9a35a, org.springframework.boot.test.autoconfigure.restdocs.RestDocsTestExecutionListener@7acbd3d0, org.springframework.boot.test.autoconfigure.web.client.MockRestServiceServerResetTestExecutionListener@49d5c751, org.springframework.boot.test.autoconfigure.web.servlet.MockMvcPrintOnlyOnFailureTestExecutionListener@40e90634, org.springframework.boot.test.autoconfigure.web.servlet.WebDriverTestExecutionListener@78b29e00, org.springframework.boot.test.autoconfigure.webservices.client.MockWebServiceServerTestExecutionListener@5c438795]
2022-02-08 17:35:42,879 INFO [main] c.c.i.s.RoleServiceImplTest [StartupInfoLogger.java:55] Starting RoleServiceImplTest using Java 1.8.0_242 on Josephs-MacBook-Pro.local with PID 68117 (started by abala in /Users/abala/abala/projects/cellulant/iprs/engine/iprs)
2022-02-08 17:35:42,879 INFO [main] c.c.i.s.RoleServiceImplTest [SpringApplication.java:635] No active profile set, falling back to default profiles: default
2022-02-08 17:35:43,099 INFO [main] o.s.d.r.c.RepositoryConfigurationDelegate [RepositoryConfigurationDelegate.java:132] Bootstrapping Spring Data JPA repositories in DEFAULT mode.
2022-02-08 17:35:43,112 INFO [main] o.s.d.r.c.RepositoryConfigurationDelegate [RepositoryConfigurationDelegate.java:201] Finished Spring Data repository scanning in 12 ms. Found 8 JPA repository interfaces.
2022-02-08 17:35:43,332 INFO [main] o.s.c.s.PostProcessorRegistrationDelegate$BeanPostProcessorChecker [PostProcessorRegistrationDelegate.java:376] Bean 'org.springframework.ws.config.annotation.DelegatingWsConfiguration' of type [org.springframework.ws.config.annotation.DelegatingWsConfiguration$$EnhancerBySpringCGLIB$$cb43fbfb] is not eligible for getting processed by all BeanPostProcessors (for example: not eligible for auto-proxying)
2022-02-08 17:35:43,341 INFO [main] o.s.w.s.a.s.AnnotationActionEndpointMapping [AbstractAddressingEndpointMapping.java:239] Supporting [WS-Addressing August 2004, WS-Addressing 1.0]
2022-02-08 17:35:43,472 INFO [main] o.h.j.i.u.LogHelper [LogHelper.java:31] HHH000204: Processing PersistenceUnitInfo [name: default]
2022-02-08 17:35:43,477 INFO [main] c.z.h.HikariDataSource [HikariDataSource.java:110] HikariPool-3 - Starting...
2022-02-08 17:35:43,488 INFO [main] c.z.h.HikariDataSource [HikariDataSource.java:123] HikariPool-3 - Start completed.
2022-02-08 17:35:43,489 INFO [main] o.h.d.Dialect [Dialect.java:175] HHH000400: Using dialect: org.hibernate.dialect.PostgreSQL95Dialect
2022-02-08 17:35:43,714 INFO [main] o.h.e.t.j.p.i.JtaPlatformInitiator [JtaPlatformInitiator.java:52] HHH000490: Using JtaPlatform implementation: [org.hibernate.engine.transaction.jta.platform.internal.NoJtaPlatform]
2022-02-08 17:35:43,715 INFO [main] o.s.o.j.LocalContainerEntityManagerFactoryBean [AbstractEntityManagerFactoryBean.java:437] Initialized JPA EntityManagerFactory for persistence unit 'default'
2022-02-08 17:35:43,959 WARN [main] o.s.b.a.o.j.JpaBaseConfiguration$JpaWebConfiguration [JpaBaseConfiguration.java:219] spring.jpa.open-in-view is enabled by default. Therefore, database queries may be performed during view rendering. Explicitly configure spring.jpa.open-in-view to disable this warning
2022-02-08 17:35:44,142 INFO [main] o.s.s.w.DefaultSecurityFilterChain [DefaultSecurityFilterChain.java:51] Will secure any request with [org.springframework.security.web.context.request.async.WebAsyncManagerIntegrationFilter@236a6a2a, org.springframework.security.web.context.SecurityContextPersistenceFilter@35fd987b, org.springframework.security.web.header.HeaderWriterFilter@1179731c, org.springframework.web.filter.CorsFilter@53141d3f, org.springframework.security.web.authentication.logout.LogoutFilter@10395bc4, com.cellulant.iprs.security.CustomAuthorizationFilter@2940eec0, com.cellulant.iprs.security.CustomAuthenticationFilter@57d6f569, org.springframework.security.web.savedrequest.RequestCacheAwareFilter@500e995b, org.springframework.security.web.servletapi.SecurityContextHolderAwareRequestFilter@ab5f1d5, org.springframework.security.web.authentication.AnonymousAuthenticationFilter@5854e526, org.springframework.security.web.session.SessionManagementFilter@8497c23, org.springframework.security.web.access.ExceptionTranslationFilter@361a618e, org.springframework.security.web.access.intercept.FilterSecurityInterceptor@2f341732]
2022-02-08 17:35:44,741 INFO [main] o.s.b.a.e.w.EndpointLinksResolver [EndpointLinksResolver.java:58] Exposing 1 endpoint(s) beneath base path '/actuator'
2022-02-08 17:35:44,806 INFO [main] c.c.i.s.RoleServiceImplTest [StartupInfoLogger.java:61] Started RoleServiceImplTest in 1.951 seconds (JVM running for 14.167)
2022-02-08 17:35:44,871 INFO [SpringApplicationShutdownHook] o.s.o.j.LocalContainerEntityManagerFactoryBean [AbstractEntityManagerFactoryBean.java:651] Closing JPA EntityManagerFactory for persistence unit 'default'
2022-02-08 17:35:44,875 INFO [SpringApplicationShutdownHook] c.z.h.HikariDataSource [HikariDataSource.java:350] HikariPool-1 - Shutdown initiated...
2022-02-08 17:35:44,882 INFO [SpringApplicationShutdownHook] c.z.h.HikariDataSource [HikariDataSource.java:352] HikariPool-1 - Shutdown completed.
2022-02-08 17:35:44,889 INFO [SpringApplicationShutdownHook] o.s.o.j.LocalContainerEntityManagerFactoryBean [AbstractEntityManagerFactoryBean.java:651] Closing JPA EntityManagerFactory for persistence unit 'default'
2022-02-08 17:35:44,891 INFO [SpringApplicationShutdownHook] c.z.h.HikariDataSource [HikariDataSource.java:350] HikariPool-2 - Shutdown initiated...
2022-02-08 17:35:44,898 INFO [SpringApplicationShutdownHook] c.z.h.HikariDataSource [HikariDataSource.java:352] HikariPool-2 - Shutdown completed.
2022-02-08 17:35:44,907 INFO [SpringApplicationShutdownHook] o.s.o.j.LocalContainerEntityManagerFactoryBean [AbstractEntityManagerFactoryBean.java:651] Closing JPA EntityManagerFactory for persistence unit 'default'
2022-02-08 17:35:44,909 INFO [SpringApplicationShutdownHook] c.z.h.HikariDataSource [HikariDataSource.java:350] HikariPool-3 - Shutdown initiated...
2022-02-08 17:35:44,912 INFO [SpringApplicationShutdownHook] c.z.h.HikariDataSource [HikariDataSource.java:352] HikariPool-3 - Shutdown completed.
2022-02-08 17:36:46,960 INFO [main] c.c.i.c.RoleResourceTest [StartupInfoLogger.java:55] Starting RoleResourceTest using Java 1.8.0_242 on Josephs-MacBook-Pro.local with PID 68428 (started by abala in /Users/abala/abala/projects/cellulant/iprs/engine/iprs)
2022-02-08 17:36:46,962 INFO [main] c.c.i.c.RoleResourceTest [SpringApplication.java:635] No active profile set, falling back to default profiles: default
2022-02-08 17:36:46,961 INFO [background-preinit] o.h.v.i.u.Version [Version.java:21] HV000001: Hibernate Validator 6.2.0.Final
2022-02-08 17:36:47,641 INFO [main] o.s.d.r.c.RepositoryConfigurationDelegate [RepositoryConfigurationDelegate.java:132] Bootstrapping Spring Data JPA repositories in DEFAULT mode.
2022-02-08 17:36:47,731 INFO [main] o.s.d.r.c.RepositoryConfigurationDelegate [RepositoryConfigurationDelegate.java:201] Finished Spring Data repository scanning in 80 ms. Found 8 JPA repository interfaces.
2022-02-08 17:36:48,798 INFO [main] o.s.c.s.PostProcessorRegistrationDelegate$BeanPostProcessorChecker [PostProcessorRegistrationDelegate.java:376] Bean 'org.springframework.ws.config.annotation.DelegatingWsConfiguration' of type [org.springframework.ws.config.annotation.DelegatingWsConfiguration$$EnhancerBySpringCGLIB$$93db6db1] is not eligible for getting processed by all BeanPostProcessors (for example: not eligible for auto-proxying)
2022-02-08 17:36:48,842 INFO [main] o.s.w.s.a.s.AnnotationActionEndpointMapping [AbstractAddressingEndpointMapping.java:239] Supporting [WS-Addressing August 2004, WS-Addressing 1.0]
2022-02-08 17:36:49,140 INFO [main] o.h.j.i.u.LogHelper [LogHelper.java:31] HHH000204: Processing PersistenceUnitInfo [name: default]
2022-02-08 17:36:49,211 INFO [main] o.h.Version [Version.java:44] HHH000412: Hibernate ORM core version 5.6.3.Final
2022-02-08 17:36:49,266 INFO [main] o.h.a.c.Version [JavaReflectionManager.java:56] HCANN000001: Hibernate Commons Annotations {5.1.2.Final}
2022-02-08 17:36:49,400 INFO [main] c.z.h.HikariDataSource [HikariDataSource.java:110] HikariPool-1 - Starting...
2022-02-08 17:36:49,503 INFO [main] c.z.h.HikariDataSource [HikariDataSource.java:123] HikariPool-1 - Start completed.
2022-02-08 17:36:49,538 INFO [main] o.h.d.Dialect [Dialect.java:175] HHH000400: Using dialect: org.hibernate.dialect.PostgreSQL95Dialect
2022-02-08 17:36:50,363 INFO [main] o.h.e.t.j.p.i.JtaPlatformInitiator [JtaPlatformInitiator.java:52] HHH000490: Using JtaPlatform implementation: [org.hibernate.engine.transaction.jta.platform.internal.NoJtaPlatform]
2022-02-08 17:36:50,373 INFO [main] o.s.o.j.LocalContainerEntityManagerFactoryBean [AbstractEntityManagerFactoryBean.java:437] Initialized JPA EntityManagerFactory for persistence unit 'default'
2022-02-08 17:36:51,466 WARN [main] o.s.b.a.o.j.JpaBaseConfiguration$JpaWebConfiguration [JpaBaseConfiguration.java:219] spring.jpa.open-in-view is enabled by default. Therefore, database queries may be performed during view rendering. Explicitly configure spring.jpa.open-in-view to disable this warning
2022-02-08 17:36:51,891 INFO [main] o.s.s.w.DefaultSecurityFilterChain [DefaultSecurityFilterChain.java:51] Will secure any request with [org.springframework.security.web.context.request.async.WebAsyncManagerIntegrationFilter@7bfcc108, org.springframework.security.web.context.SecurityContextPersistenceFilter@1e01b195, org.springframework.security.web.header.HeaderWriterFilter@7c02b3cb, org.springframework.web.filter.CorsFilter@12e40e98, org.springframework.security.web.authentication.logout.LogoutFilter@516037be, com.cellulant.iprs.security.CustomAuthorizationFilter@65b680b4, com.cellulant.iprs.security.CustomAuthenticationFilter@87f6ab5, org.springframework.security.web.savedrequest.RequestCacheAwareFilter@718d6b7c, org.springframework.security.web.servletapi.SecurityContextHolderAwareRequestFilter@54f9326c, org.springframework.security.web.authentication.AnonymousAuthenticationFilter@5c316230, org.springframework.security.web.session.SessionManagementFilter@2dcd451f, org.springframework.security.web.access.ExceptionTranslationFilter@7378c4a4, org.springframework.security.web.access.intercept.FilterSecurityInterceptor@69cc49ec]
2022-02-08 17:36:53,335 INFO [main] o.s.b.t.m.w.SpringBootMockServletContext [MockServletContext.java:455] Initializing Spring TestDispatcherServlet ''
2022-02-08 17:36:53,335 INFO [main] o.s.t.w.s.TestDispatcherServlet [FrameworkServlet.java:525] Initializing Servlet ''
2022-02-08 17:36:53,344 INFO [main] o.s.b.a.e.w.EndpointLinksResolver [EndpointLinksResolver.java:58] Exposing 1 endpoint(s) beneath base path '/actuator'
2022-02-08 17:36:53,406 INFO [main] o.s.t.w.s.TestDispatcherServlet [FrameworkServlet.java:547] Completed initialization in 70 ms
2022-02-08 17:36:53,479 INFO [main] c.c.i.c.RoleResourceTest [StartupInfoLogger.java:61] Started RoleResourceTest in 6.842 seconds (JVM running for 7.809)
2022-02-08 17:36:53,561 INFO [main] o.s.b.t.m.w.SpringBootMockServletContext [MockServletContext.java:455] Initializing Spring TestDispatcherServlet ''
2022-02-08 17:36:53,561 INFO [main] o.s.t.w.s.TestDispatcherServlet [FrameworkServlet.java:525] Initializing Servlet ''
2022-02-08 17:36:53,563 INFO [main] o.s.t.w.s.TestDispatcherServlet [FrameworkServlet.java:547] Completed initialization in 2 ms
2022-02-08 17:36:53,621 INFO [main] c.c.i.a.RoleResource [RoleResource.java:45] findAllRoles
2022-02-08 17:36:53,693 INFO [main] o.s.b.t.m.w.SpringBootMockServletContext [MockServletContext.java:455] Initializing Spring TestDispatcherServlet ''
2022-02-08 17:36:53,693 INFO [main] o.s.t.w.s.TestDispatcherServlet [FrameworkServlet.java:525] Initializing Servlet ''
2022-02-08 17:36:53,694 INFO [main] o.s.t.w.s.TestDispatcherServlet [FrameworkServlet.java:547] Completed initialization in 1 ms
2022-02-08 17:36:53,701 INFO [main] o.s.b.t.m.w.SpringBootMockServletContext [MockServletContext.java:455] Initializing Spring TestDispatcherServlet ''
2022-02-08 17:36:53,702 INFO [main] o.s.t.w.s.TestDispatcherServlet [FrameworkServlet.java:525] Initializing Servlet ''
2022-02-08 17:36:53,703 INFO [main] o.s.t.w.s.TestDispatcherServlet [FrameworkServlet.java:547] Completed initialization in 1 ms
2022-02-08 17:36:53,836 INFO [main] c.c.i.a.RoleResource [RoleResource.java:25] createRole Role(roleID=0, roleName=ADMIN, description=hello, active=1, insertedBy=1, updatedBy=1, dateCreated=2022-02-08 17:36:46.59, dateModified=2022-02-08 17:36:46.59)
2022-02-08 17:36:53,865 INFO [main] o.s.b.t.m.w.SpringBootMockServletContext [MockServletContext.java:455] Initializing Spring TestDispatcherServlet ''
2022-02-08 17:36:53,866 INFO [main] o.s.t.w.s.TestDispatcherServlet [FrameworkServlet.java:525] Initializing Servlet ''
2022-02-08 17:36:53,868 INFO [main] o.s.t.w.s.TestDispatcherServlet [FrameworkServlet.java:547] Completed initialization in 2 ms
2022-02-08 17:36:53,881 INFO [main] c.c.i.a.RoleResource [RoleResource.java:45] findAllRoles
2022-02-08 17:36:53,984 INFO [main] o.s.b.t.m.w.SpringBootMockServletContext [MockServletContext.java:455] Initializing Spring TestDispatcherServlet ''
2022-02-08 17:36:53,985 INFO [main] o.s.t.w.s.TestDispatcherServlet [FrameworkServlet.java:525] Initializing Servlet ''
2022-02-08 17:36:53,987 INFO [main] o.s.t.w.s.TestDispatcherServlet [FrameworkServlet.java:547] Completed initialization in 2 ms
2022-02-08 17:36:54,001 INFO [main] o.s.b.t.m.w.SpringBootMockServletContext [MockServletContext.java:455] Initializing Spring TestDispatcherServlet ''
2022-02-08 17:36:54,001 INFO [main] o.s.t.w.s.TestDispatcherServlet [FrameworkServlet.java:525] Initializing Servlet ''
2022-02-08 17:36:54,003 INFO [main] o.s.t.w.s.TestDispatcherServlet [FrameworkServlet.java:547] Completed initialization in 1 ms
2022-02-08 17:36:54,020 INFO [main] c.c.i.a.RoleResource [RoleResource.java:33] update 2 world
2022-02-08 17:36:54,030 INFO [main] o.s.b.t.m.w.SpringBootMockServletContext [MockServletContext.java:455] Initializing Spring TestDispatcherServlet ''
2022-02-08 17:36:54,031 INFO [main] o.s.t.w.s.TestDispatcherServlet [FrameworkServlet.java:525] Initializing Servlet ''
2022-02-08 17:36:54,033 INFO [main] o.s.t.w.s.TestDispatcherServlet [FrameworkServlet.java:547] Completed initialization in 2 ms
2022-02-08 17:36:54,047 INFO [main] o.s.b.t.m.w.SpringBootMockServletContext [MockServletContext.java:455] Initializing Spring TestDispatcherServlet ''
2022-02-08 17:36:54,047 INFO [main] o.s.t.w.s.TestDispatcherServlet [FrameworkServlet.java:525] Initializing Servlet ''
2022-02-08 17:36:54,048 INFO [main] o.s.t.w.s.TestDispatcherServlet [FrameworkServlet.java:547] Completed initialization in 1 ms
2022-02-08 17:36:54,058 INFO [main] o.s.b.t.m.w.SpringBootMockServletContext [MockServletContext.java:455] Initializing Spring TestDispatcherServlet ''
2022-02-08 17:36:54,059 INFO [main] o.s.t.w.s.TestDispatcherServlet [FrameworkServlet.java:525] Initializing Servlet ''
2022-02-08 17:36:54,060 INFO [main] o.s.t.w.s.TestDispatcherServlet [FrameworkServlet.java:547] Completed initialization in 1 ms
2022-02-08 17:36:54,063 INFO [main] c.c.i.a.RoleResource [RoleResource.java:45] findAllRoles
2022-02-08 17:36:54,073 INFO [main] o.s.b.t.m.w.SpringBootMockServletContext [MockServletContext.java:455] Initializing Spring TestDispatcherServlet ''
2022-02-08 17:36:54,073 INFO [main] o.s.t.w.s.TestDispatcherServlet [FrameworkServlet.java:525] Initializing Servlet ''
2022-02-08 17:36:54,074 INFO [main] o.s.t.w.s.TestDispatcherServlet [FrameworkServlet.java:547] Completed initialization in 1 ms
2022-02-08 17:36:54,076 INFO [main] c.c.i.a.RoleResource [RoleResource.java:39] delete 1
2022-02-08 17:36:54,084 INFO [main] o.s.b.t.m.w.SpringBootMockServletContext [MockServletContext.java:455] Initializing Spring TestDispatcherServlet ''
2022-02-08 17:36:54,085 INFO [main] o.s.t.w.s.TestDispatcherServlet [FrameworkServlet.java:525] Initializing Servlet ''
2022-02-08 17:36:54,088 INFO [main] o.s.t.w.s.TestDispatcherServlet [FrameworkServlet.java:547] Completed initialization in 2 ms
2022-02-08 17:36:54,092 INFO [main] c.c.i.a.RoleResource [RoleResource.java:25] createRole Role(roleID=0, roleName=ADMIN, description=hello, active=1, insertedBy=1, updatedBy=1, dateCreated=2022-02-08 17:36:46.59, dateModified=2022-02-08 17:36:46.59)
2022-02-08 17:36:54,114 INFO [main] o.s.b.t.c.SpringBootTestContextBootstrapper [AbstractTestContextBootstrapper.java:305] Neither @ContextConfiguration nor @ContextHierarchy found for test class [com.cellulant.iprs.IprsApplicationTests], using SpringBootContextLoader
2022-02-08 17:36:54,115 INFO [main] o.s.t.c.s.AbstractContextLoader [AbstractContextLoader.java:264] Could not detect default resource locations for test class [com.cellulant.iprs.IprsApplicationTests]: no resource found for suffixes {-context.xml, Context.groovy}.
2022-02-08 17:36:54,116 INFO [main] o.s.t.c.s.AnnotationConfigContextLoaderUtils [AnnotationConfigContextLoaderUtils.java:83] Could not detect default configuration classes for test class [com.cellulant.iprs.IprsApplicationTests]: IprsApplicationTests does not declare any static, non-private, non-final, nested classes annotated with @Configuration.
2022-02-08 17:36:54,121 INFO [main] o.s.b.t.c.SpringBootTestContextBootstrapper [SpringBootTestContextBootstrapper.java:238] Found @SpringBootConfiguration com.cellulant.iprs.IprsApplication for test class com.cellulant.iprs.IprsApplicationTests
2022-02-08 17:36:54,125 INFO [main] o.s.b.t.c.SpringBootTestContextBootstrapper [AbstractTestContextBootstrapper.java:245] Loaded default TestExecutionListener class names from location [META-INF/spring.factories]: [org.springframework.boot.test.mock.mockito.MockitoTestExecutionListener, org.springframework.boot.test.mock.mockito.ResetMocksTestExecutionListener, org.springframework.boot.test.autoconfigure.restdocs.RestDocsTestExecutionListener, org.springframework.boot.test.autoconfigure.web.client.MockRestServiceServerResetTestExecutionListener, org.springframework.boot.test.autoconfigure.web.servlet.MockMvcPrintOnlyOnFailureTestExecutionListener, org.springframework.boot.test.autoconfigure.web.servlet.WebDriverTestExecutionListener, org.springframework.boot.test.autoconfigure.webservices.client.MockWebServiceServerTestExecutionListener, org.springframework.test.context.web.ServletTestExecutionListener, org.springframework.test.context.support.DirtiesContextBeforeModesTestExecutionListener, org.springframework.test.context.event.ApplicationEventsTestExecutionListener, org.springframework.test.context.support.DependencyInjectionTestExecutionListener, org.springframework.test.context.support.DirtiesContextTestExecutionListener, org.springframework.test.context.transaction.TransactionalTestExecutionListener, org.springframework.test.context.jdbc.SqlScriptsTestExecutionListener, org.springframework.test.context.event.EventPublishingTestExecutionListener, org.springframework.security.test.context.support.WithSecurityContextTestExecutionListener, org.springframework.security.test.context.support.ReactorContextTestExecutionListener]
2022-02-08 17:36:54,127 INFO [main] o.s.b.t.c.SpringBootTestContextBootstrapper [AbstractTestContextBootstrapper.java:174] Using TestExecutionListeners: [org.springframework.test.context.web.ServletTestExecutionListener@200e6029, org.springframework.test.context.support.DirtiesContextBeforeModesTestExecutionListener@41120e48, org.springframework.test.context.event.ApplicationEventsTestExecutionListener@165a5979, org.springframework.boot.test.mock.mockito.MockitoTestExecutionListener@ea40c9f, org.springframework.boot.test.autoconfigure.SpringBootDependencyInjectionTestExecutionListener@5d782a4a, org.springframework.test.context.support.DirtiesContextTestExecutionListener@cc91fe3, org.springframework.test.context.transaction.TransactionalTestExecutionListener@481c1e92, org.springframework.test.context.jdbc.SqlScriptsTestExecutionListener@66f223fa, org.springframework.test.context.event.EventPublishingTestExecutionListener@7ac47f14, org.springframework.security.test.context.support.WithSecurityContextTestExecutionListener@3eb641a8, org.springframework.security.test.context.support.ReactorContextTestExecutionListener@16f62062, org.springframework.boot.test.mock.mockito.ResetMocksTestExecutionListener@61ec2cb5, org.springframework.boot.test.autoconfigure.restdocs.RestDocsTestExecutionListener@3889c343, org.springframework.boot.test.autoconfigure.web.client.MockRestServiceServerResetTestExecutionListener@34be7efb, org.springframework.boot.test.autoconfigure.web.servlet.MockMvcPrintOnlyOnFailureTestExecutionListener@136cad3e, org.springframework.boot.test.autoconfigure.web.servlet.WebDriverTestExecutionListener@13e5b262, org.springframework.boot.test.autoconfigure.webservices.client.MockWebServiceServerTestExecutionListener@6500e886]
2022-02-08 17:36:54,196 INFO [main] c.c.i.IprsApplicationTests [StartupInfoLogger.java:55] Starting IprsApplicationTests using Java 1.8.0_242 on Josephs-MacBook-Pro.local with PID 68428 (started by abala in /Users/abala/abala/projects/cellulant/iprs/engine/iprs)
2022-02-08 17:36:54,197 INFO [main] c.c.i.IprsApplicationTests [SpringApplication.java:635] No active profile set, falling back to default profiles: default
2022-02-08 17:36:54,458 INFO [main] o.s.d.r.c.RepositoryConfigurationDelegate [RepositoryConfigurationDelegate.java:132] Bootstrapping Spring Data JPA repositories in DEFAULT mode.
2022-02-08 17:36:54,477 INFO [main] o.s.d.r.c.RepositoryConfigurationDelegate [RepositoryConfigurationDelegate.java:201] Finished Spring Data repository scanning in 18 ms. Found 8 JPA repository interfaces.
2022-02-08 17:36:54,647 INFO [main] o.s.c.s.PostProcessorRegistrationDelegate$BeanPostProcessorChecker [PostProcessorRegistrationDelegate.java:376] Bean 'org.springframework.ws.config.annotation.DelegatingWsConfiguration' of type [org.springframework.ws.config.annotation.DelegatingWsConfiguration$$EnhancerBySpringCGLIB$$93db6db1] is not eligible for getting processed by all BeanPostProcessors (for example: not eligible for auto-proxying)
2022-02-08 17:36:54,658 INFO [main] o.s.w.s.a.s.AnnotationActionEndpointMapping [AbstractAddressingEndpointMapping.java:239] Supporting [WS-Addressing August 2004, WS-Addressing 1.0]
2022-02-08 17:36:54,828 INFO [main] o.h.j.i.u.LogHelper [LogHelper.java:31] HHH000204: Processing PersistenceUnitInfo [name: default]
2022-02-08 17:36:54,835 INFO [main] c.z.h.HikariDataSource [HikariDataSource.java:110] HikariPool-2 - Starting...
2022-02-08 17:36:54,845 INFO [main] c.z.h.HikariDataSource [HikariDataSource.java:123] HikariPool-2 - Start completed.
2022-02-08 17:36:54,846 INFO [main] o.h.d.Dialect [Dialect.java:175] HHH000400: Using dialect: org.hibernate.dialect.PostgreSQL95Dialect
2022-02-08 17:36:55,117 INFO [main] o.h.e.t.j.p.i.JtaPlatformInitiator [JtaPlatformInitiator.java:52] HHH000490: Using JtaPlatform implementation: [org.hibernate.engine.transaction.jta.platform.internal.NoJtaPlatform]
2022-02-08 17:36:55,118 INFO [main] o.s.o.j.LocalContainerEntityManagerFactoryBean [AbstractEntityManagerFactoryBean.java:437] Initialized JPA EntityManagerFactory for persistence unit 'default'
2022-02-08 17:36:55,474 WARN [main] o.s.b.a.o.j.JpaBaseConfiguration$JpaWebConfiguration [JpaBaseConfiguration.java:219] spring.jpa.open-in-view is enabled by default. Therefore, database queries may be performed during view rendering. Explicitly configure spring.jpa.open-in-view to disable this warning
2022-02-08 17:36:55,669 INFO [main] o.s.s.w.DefaultSecurityFilterChain [DefaultSecurityFilterChain.java:51] Will secure any request with [org.springframework.security.web.context.request.async.WebAsyncManagerIntegrationFilter@3b44ed3c, org.springframework.security.web.context.SecurityContextPersistenceFilter@71e2ddd, org.springframework.security.web.header.HeaderWriterFilter@7ccfed46, org.springframework.web.filter.CorsFilter@3db3668, org.springframework.security.web.authentication.logout.LogoutFilter@360d0c7a, com.cellulant.iprs.security.CustomAuthorizationFilter@1df83569, com.cellulant.iprs.security.CustomAuthenticationFilter@439047ef, org.springframework.security.web.savedrequest.RequestCacheAwareFilter@8318808, org.springframework.security.web.servletapi.SecurityContextHolderAwareRequestFilter@b97f195, org.springframework.security.web.authentication.AnonymousAuthenticationFilter@7e0393df, org.springframework.security.web.session.SessionManagementFilter@53630682, org.springframework.security.web.access.ExceptionTranslationFilter@67cd1db3, org.springframework.security.web.access.intercept.FilterSecurityInterceptor@623be2a0]
2022-02-08 17:36:56,391 INFO [main] o.s.b.a.e.w.EndpointLinksResolver [EndpointLinksResolver.java:58] Exposing 1 endpoint(s) beneath base path '/actuator'
2022-02-08 17:36:56,466 INFO [main] c.c.i.IprsApplicationTests [StartupInfoLogger.java:61] Started IprsApplicationTests in 2.335 seconds (JVM running for 10.797)
2022-02-08 17:36:56,476 INFO [main] o.s.b.t.c.SpringBootTestContextBootstrapper [AbstractTestContextBootstrapper.java:305] Neither @ContextConfiguration nor @ContextHierarchy found for test class [com.cellulant.iprs.service.RoleServiceImplTest], using SpringBootContextLoader
2022-02-08 17:36:56,477 INFO [main] o.s.t.c.s.AbstractContextLoader [AbstractContextLoader.java:264] Could not detect default resource locations for test class [com.cellulant.iprs.service.RoleServiceImplTest]: no resource found for suffixes {-context.xml, Context.groovy}.
2022-02-08 17:36:56,478 INFO [main] o.s.t.c.s.AnnotationConfigContextLoaderUtils [AnnotationConfigContextLoaderUtils.java:83] Could not detect default configuration classes for test class [com.cellulant.iprs.service.RoleServiceImplTest]: RoleServiceImplTest does not declare any static, non-private, non-final, nested classes annotated with @Configuration.
2022-02-08 17:36:56,485 INFO [main] o.s.b.t.c.SpringBootTestContextBootstrapper [SpringBootTestContextBootstrapper.java:238] Found @SpringBootConfiguration com.cellulant.iprs.IprsApplication for test class com.cellulant.iprs.service.RoleServiceImplTest
2022-02-08 17:36:56,487 INFO [main] o.s.b.t.c.SpringBootTestContextBootstrapper [AbstractTestContextBootstrapper.java:245] Loaded default TestExecutionListener class names from location [META-INF/spring.factories]: [org.springframework.boot.test.mock.mockito.MockitoTestExecutionListener, org.springframework.boot.test.mock.mockito.ResetMocksTestExecutionListener, org.springframework.boot.test.autoconfigure.restdocs.RestDocsTestExecutionListener, org.springframework.boot.test.autoconfigure.web.client.MockRestServiceServerResetTestExecutionListener, org.springframework.boot.test.autoconfigure.web.servlet.MockMvcPrintOnlyOnFailureTestExecutionListener, org.springframework.boot.test.autoconfigure.web.servlet.WebDriverTestExecutionListener, org.springframework.boot.test.autoconfigure.webservices.client.MockWebServiceServerTestExecutionListener, org.springframework.test.context.web.ServletTestExecutionListener, org.springframework.test.context.support.DirtiesContextBeforeModesTestExecutionListener, org.springframework.test.context.event.ApplicationEventsTestExecutionListener, org.springframework.test.context.support.DependencyInjectionTestExecutionListener, org.springframework.test.context.support.DirtiesContextTestExecutionListener, org.springframework.test.context.transaction.TransactionalTestExecutionListener, org.springframework.test.context.jdbc.SqlScriptsTestExecutionListener, org.springframework.test.context.event.EventPublishingTestExecutionListener, org.springframework.security.test.context.support.WithSecurityContextTestExecutionListener, org.springframework.security.test.context.support.ReactorContextTestExecutionListener]
2022-02-08 17:36:56,488 INFO [main] o.s.b.t.c.SpringBootTestContextBootstrapper [AbstractTestContextBootstrapper.java:174] Using TestExecutionListeners: [org.springframework.test.context.web.ServletTestExecutionListener@251db193, org.springframework.test.context.support.DirtiesContextBeforeModesTestExecutionListener@109f95b1, org.springframework.test.context.event.ApplicationEventsTestExecutionListener@4d20cbb5, org.springframework.boot.test.mock.mockito.MockitoTestExecutionListener@74eae1e0, org.springframework.boot.test.autoconfigure.SpringBootDependencyInjectionTestExecutionListener@3c3357c7, org.springframework.test.context.support.DirtiesContextTestExecutionListener@506d7fed, org.springframework.test.context.transaction.TransactionalTestExecutionListener@1bdb6b36, org.springframework.test.context.jdbc.SqlScriptsTestExecutionListener@381d7c4c, org.springframework.test.context.event.EventPublishingTestExecutionListener@1e3689e7, org.springframework.security.test.context.support.WithSecurityContextTestExecutionListener@259f0fdb, org.springframework.security.test.context.support.ReactorContextTestExecutionListener@655d5285, org.springframework.boot.test.mock.mockito.ResetMocksTestExecutionListener@36f1bd7e, org.springframework.boot.test.autoconfigure.restdocs.RestDocsTestExecutionListener@1c2273f6, org.springframework.boot.test.autoconfigure.web.client.MockRestServiceServerResetTestExecutionListener@411e567e, org.springframework.boot.test.autoconfigure.web.servlet.MockMvcPrintOnlyOnFailureTestExecutionListener@4e58eda2, org.springframework.boot.test.autoconfigure.web.servlet.WebDriverTestExecutionListener@75f9a35a, org.springframework.boot.test.autoconfigure.webservices.client.MockWebServiceServerTestExecutionListener@7acbd3d0]
2022-02-08 17:36:56,515 INFO [main] c.c.i.s.RoleServiceImplTest [StartupInfoLogger.java:55] Starting RoleServiceImplTest using Java 1.8.0_242 on Josephs-MacBook-Pro.local with PID 68428 (started by abala in /Users/abala/abala/projects/cellulant/iprs/engine/iprs)
2022-02-08 17:36:56,516 INFO [main] c.c.i.s.RoleServiceImplTest [SpringApplication.java:635] No active profile set, falling back to default profiles: default
2022-02-08 17:36:56,766 INFO [main] o.s.d.r.c.RepositoryConfigurationDelegate [RepositoryConfigurationDelegate.java:132] Bootstrapping Spring Data JPA repositories in DEFAULT mode.
2022-02-08 17:36:56,786 INFO [main] o.s.d.r.c.RepositoryConfigurationDelegate [RepositoryConfigurationDelegate.java:201] Finished Spring Data repository scanning in 19 ms. Found 8 JPA repository interfaces.
2022-02-08 17:36:56,997 INFO [main] o.s.c.s.PostProcessorRegistrationDelegate$BeanPostProcessorChecker [PostProcessorRegistrationDelegate.java:376] Bean 'org.springframework.ws.config.annotation.DelegatingWsConfiguration' of type [org.springframework.ws.config.annotation.DelegatingWsConfiguration$$EnhancerBySpringCGLIB$$93db6db1] is not eligible for getting processed by all BeanPostProcessors (for example: not eligible for auto-proxying)
2022-02-08 17:36:57,006 INFO [main] o.s.w.s.a.s.AnnotationActionEndpointMapping [AbstractAddressingEndpointMapping.java:239] Supporting [WS-Addressing August 2004, WS-Addressing 1.0]
2022-02-08 17:36:57,129 INFO [main] o.h.j.i.u.LogHelper [LogHelper.java:31] HHH000204: Processing PersistenceUnitInfo [name: default]
2022-02-08 17:36:57,134 INFO [main] c.z.h.HikariDataSource [HikariDataSource.java:110] HikariPool-3 - Starting...
2022-02-08 17:36:57,143 INFO [main] c.z.h.HikariDataSource [HikariDataSource.java:123] HikariPool-3 - Start completed.
2022-02-08 17:36:57,144 INFO [main] o.h.d.Dialect [Dialect.java:175] HHH000400: Using dialect: org.hibernate.dialect.PostgreSQL95Dialect
2022-02-08 17:36:57,385 INFO [main] o.h.e.t.j.p.i.JtaPlatformInitiator [JtaPlatformInitiator.java:52] HHH000490: Using JtaPlatform implementation: [org.hibernate.engine.transaction.jta.platform.internal.NoJtaPlatform]
2022-02-08 17:36:57,385 INFO [main] o.s.o.j.LocalContainerEntityManagerFactoryBean [AbstractEntityManagerFactoryBean.java:437] Initialized JPA EntityManagerFactory for persistence unit 'default'
2022-02-08 17:36:57,680 WARN [main] o.s.b.a.o.j.JpaBaseConfiguration$JpaWebConfiguration [JpaBaseConfiguration.java:219] spring.jpa.open-in-view is enabled by default. Therefore, database queries may be performed during view rendering. Explicitly configure spring.jpa.open-in-view to disable this warning
2022-02-08 17:36:57,885 INFO [main] o.s.s.w.DefaultSecurityFilterChain [DefaultSecurityFilterChain.java:51] Will secure any request with [org.springframework.security.web.context.request.async.WebAsyncManagerIntegrationFilter@57d6f569, org.springframework.security.web.context.SecurityContextPersistenceFilter@ab5f1d5, org.springframework.security.web.header.HeaderWriterFilter@35fd987b, org.springframework.web.filter.CorsFilter@4ee9daf5, org.springframework.security.web.authentication.logout.LogoutFilter@1147a8de, com.cellulant.iprs.security.CustomAuthorizationFilter@5854e526, com.cellulant.iprs.security.CustomAuthenticationFilter@289fff3c, org.springframework.security.web.savedrequest.RequestCacheAwareFilter@49de2cc4, org.springframework.security.web.servletapi.SecurityContextHolderAwareRequestFilter@10395bc4, org.springframework.security.web.authentication.AnonymousAuthenticationFilter@6872201, org.springframework.security.web.session.SessionManagementFilter@500e995b, org.springframework.security.web.access.ExceptionTranslationFilter@8497c23, org.springframework.security.web.access.intercept.FilterSecurityInterceptor@2940eec0]
2022-02-08 17:36:58,662 INFO [main] o.s.b.a.e.w.EndpointLinksResolver [EndpointLinksResolver.java:58] Exposing 1 endpoint(s) beneath base path '/actuator'
2022-02-08 17:36:58,720 INFO [main] c.c.i.s.RoleServiceImplTest [StartupInfoLogger.java:61] Started RoleServiceImplTest in 2.229 seconds (JVM running for 13.051)
2022-02-08 17:36:58,795 INFO [SpringApplicationShutdownHook] o.s.o.j.LocalContainerEntityManagerFactoryBean [AbstractEntityManagerFactoryBean.java:651] Closing JPA EntityManagerFactory for persistence unit 'default'
2022-02-08 17:36:58,799 INFO [SpringApplicationShutdownHook] c.z.h.HikariDataSource [HikariDataSource.java:350] HikariPool-1 - Shutdown initiated...
2022-02-08 17:36:58,802 INFO [SpringApplicationShutdownHook] c.z.h.HikariDataSource [HikariDataSource.java:352] HikariPool-1 - Shutdown completed.
2022-02-08 17:36:58,814 INFO [SpringApplicationShutdownHook] o.s.o.j.LocalContainerEntityManagerFactoryBean [AbstractEntityManagerFactoryBean.java:651] Closing JPA EntityManagerFactory for persistence unit 'default'
2022-02-08 17:36:58,817 INFO [SpringApplicationShutdownHook] c.z.h.HikariDataSource [HikariDataSource.java:350] HikariPool-2 - Shutdown initiated...
2022-02-08 17:36:58,824 INFO [SpringApplicationShutdownHook] c.z.h.HikariDataSource [HikariDataSource.java:352] HikariPool-2 - Shutdown completed.
2022-02-08 17:36:58,836 INFO [SpringApplicationShutdownHook] o.s.o.j.LocalContainerEntityManagerFactoryBean [AbstractEntityManagerFactoryBean.java:651] Closing JPA EntityManagerFactory for persistence unit 'default'
2022-02-08 17:36:58,838 INFO [SpringApplicationShutdownHook] c.z.h.HikariDataSource [HikariDataSource.java:350] HikariPool-3 - Shutdown initiated...
2022-02-08 17:36:58,844 INFO [SpringApplicationShutdownHook] c.z.h.HikariDataSource [HikariDataSource.java:352] HikariPool-3 - Shutdown completed.
2022-02-08 17:40:09,906 INFO [background-preinit] o.h.v.i.u.Version [Version.java:21] HV000001: Hibernate Validator 6.2.0.Final
2022-02-08 17:40:09,936 INFO [main] c.c.i.c.RoleResourceTest [StartupInfoLogger.java:55] Starting RoleResourceTest using Java 11.0.12 on Josephs-MacBook-Pro.local with PID 69134 (started by abala in /Users/abala/abala/projects/cellulant/iprs/engine/iprs)
2022-02-08 17:40:09,937 INFO [main] c.c.i.c.RoleResourceTest [SpringApplication.java:635] No active profile set, falling back to default profiles: default
2022-02-08 17:40:10,765 INFO [main] o.s.d.r.c.RepositoryConfigurationDelegate [RepositoryConfigurationDelegate.java:132] Bootstrapping Spring Data JPA repositories in DEFAULT mode.
2022-02-08 17:40:10,837 INFO [main] o.s.d.r.c.RepositoryConfigurationDelegate [RepositoryConfigurationDelegate.java:201] Finished Spring Data repository scanning in 61 ms. Found 8 JPA repository interfaces.
2022-02-08 17:40:12,061 INFO [main] o.s.c.s.PostProcessorRegistrationDelegate$BeanPostProcessorChecker [PostProcessorRegistrationDelegate.java:376] Bean 'org.springframework.ws.config.annotation.DelegatingWsConfiguration' of type [org.springframework.ws.config.annotation.DelegatingWsConfiguration$$EnhancerBySpringCGLIB$$8b09997] is not eligible for getting processed by all BeanPostProcessors (for example: not eligible for auto-proxying)
2022-02-08 17:40:12,129 INFO [main] o.s.w.s.a.s.AnnotationActionEndpointMapping [AbstractAddressingEndpointMapping.java:239] Supporting [WS-Addressing August 2004, WS-Addressing 1.0]
2022-02-08 17:40:12,478 INFO [main] o.h.j.i.u.LogHelper [LogHelper.java:31] HHH000204: Processing PersistenceUnitInfo [name: default]
2022-02-08 17:40:12,535 INFO [main] o.h.Version [Version.java:44] HHH000412: Hibernate ORM core version 5.6.3.Final
2022-02-08 17:40:12,587 INFO [main] o.h.a.c.Version [JavaReflectionManager.java:56] HCANN000001: Hibernate Commons Annotations {5.1.2.Final}
2022-02-08 17:40:12,705 INFO [main] c.z.h.HikariDataSource [HikariDataSource.java:110] HikariPool-1 - Starting...
2022-02-08 17:40:12,793 INFO [main] c.z.h.HikariDataSource [HikariDataSource.java:123] HikariPool-1 - Start completed.
2022-02-08 17:40:12,822 INFO [main] o.h.d.Dialect [Dialect.java:175] HHH000400: Using dialect: org.hibernate.dialect.PostgreSQL95Dialect
2022-02-08 17:40:13,826 INFO [main] o.h.e.t.j.p.i.JtaPlatformInitiator [JtaPlatformInitiator.java:52] HHH000490: Using JtaPlatform implementation: [org.hibernate.engine.transaction.jta.platform.internal.NoJtaPlatform]
2022-02-08 17:40:13,836 INFO [main] o.s.o.j.LocalContainerEntityManagerFactoryBean [AbstractEntityManagerFactoryBean.java:437] Initialized JPA EntityManagerFactory for persistence unit 'default'
2022-02-08 17:40:14,938 WARN [main] o.s.b.a.o.j.JpaBaseConfiguration$JpaWebConfiguration [JpaBaseConfiguration.java:219] spring.jpa.open-in-view is enabled by default. Therefore, database queries may be performed during view rendering. Explicitly configure spring.jpa.open-in-view to disable this warning
2022-02-08 17:40:15,440 INFO [main] o.s.s.w.DefaultSecurityFilterChain [DefaultSecurityFilterChain.java:51] Will secure any request with [org.springframework.security.web.context.request.async.WebAsyncManagerIntegrationFilter@66831b14, org.springframework.security.web.context.SecurityContextPersistenceFilter@4fc1eee5, org.springframework.security.web.header.HeaderWriterFilter@66297b63, org.springframework.web.filter.CorsFilter@1e186006, org.springframework.security.web.authentication.logout.LogoutFilter@27f8f1cc, com.cellulant.iprs.security.CustomAuthorizationFilter@4f1ea463, com.cellulant.iprs.security.CustomAuthenticationFilter@3a641f6, org.springframework.security.web.savedrequest.RequestCacheAwareFilter@7715d43c, org.springframework.security.web.servletapi.SecurityContextHolderAwareRequestFilter@5f3bc119, org.springframework.security.web.authentication.AnonymousAuthenticationFilter@66487713, org.springframework.security.web.session.SessionManagementFilter@106387cf, org.springframework.security.web.access.ExceptionTranslationFilter@59e67a18, org.springframework.security.web.access.intercept.FilterSecurityInterceptor@2e1003d9]
2022-02-08 17:40:16,674 INFO [main] o.s.b.t.m.w.SpringBootMockServletContext [MockServletContext.java:455] Initializing Spring TestDispatcherServlet ''
2022-02-08 17:40:16,675 INFO [main] o.s.t.w.s.TestDispatcherServlet [FrameworkServlet.java:525] Initializing Servlet ''
2022-02-08 17:40:16,691 INFO [main] o.s.b.a.e.w.EndpointLinksResolver [EndpointLinksResolver.java:58] Exposing 1 endpoint(s) beneath base path '/actuator'
2022-02-08 17:40:16,770 INFO [main] o.s.t.w.s.TestDispatcherServlet [FrameworkServlet.java:547] Completed initialization in 95 ms
2022-02-08 17:40:16,838 INFO [main] c.c.i.c.RoleResourceTest [StartupInfoLogger.java:61] Started RoleResourceTest in 7.498 seconds (JVM running for 9.139)
2022-02-08 17:40:16,945 INFO [main] o.s.b.t.m.w.SpringBootMockServletContext [MockServletContext.java:455] Initializing Spring TestDispatcherServlet ''
2022-02-08 17:40:16,945 INFO [main] o.s.t.w.s.TestDispatcherServlet [FrameworkServlet.java:525] Initializing Servlet ''
2022-02-08 17:40:16,948 INFO [main] o.s.t.w.s.TestDispatcherServlet [FrameworkServlet.java:547] Completed initialization in 2 ms
2022-02-08 17:40:17,263 INFO [SpringApplicationShutdownHook] o.s.o.j.LocalContainerEntityManagerFactoryBean [AbstractEntityManagerFactoryBean.java:651] Closing JPA EntityManagerFactory for persistence unit 'default'
2022-02-08 17:40:17,267 INFO [SpringApplicationShutdownHook] c.z.h.HikariDataSource [HikariDataSource.java:350] HikariPool-1 - Shutdown initiated...
2022-02-08 17:40:17,280 INFO [SpringApplicationShutdownHook] c.z.h.HikariDataSource [HikariDataSource.java:352] HikariPool-1 - Shutdown completed.
2022-02-08 17:40:31,434 INFO [background-preinit] o.h.v.i.u.Version [Version.java:21] HV000001: Hibernate Validator 6.2.0.Final
2022-02-08 17:40:31,437 INFO [main] c.c.i.c.RoleResourceTest [StartupInfoLogger.java:55] Starting RoleResourceTest using Java 1.8.0_242 on Josephs-MacBook-Pro.local with PID 69231 (started by abala in /Users/abala/abala/projects/cellulant/iprs/engine/iprs)
2022-02-08 17:40:31,438 INFO [main] c.c.i.c.RoleResourceTest [SpringApplication.java:635] No active profile set, falling back to default profiles: default
2022-02-08 17:40:32,216 INFO [main] o.s.d.r.c.RepositoryConfigurationDelegate [RepositoryConfigurationDelegate.java:132] Bootstrapping Spring Data JPA repositories in DEFAULT mode.
2022-02-08 17:40:32,314 INFO [main] o.s.d.r.c.RepositoryConfigurationDelegate [RepositoryConfigurationDelegate.java:201] Finished Spring Data repository scanning in 88 ms. Found 8 JPA repository interfaces.
2022-02-08 17:40:33,478 INFO [main] o.s.c.s.PostProcessorRegistrationDelegate$BeanPostProcessorChecker [PostProcessorRegistrationDelegate.java:376] Bean 'org.springframework.ws.config.annotation.DelegatingWsConfiguration' of type [org.springframework.ws.config.annotation.DelegatingWsConfiguration$$EnhancerBySpringCGLIB$$cb43fbfb] is not eligible for getting processed by all BeanPostProcessors (for example: not eligible for auto-proxying)
2022-02-08 17:40:33,546 INFO [main] o.s.w.s.a.s.AnnotationActionEndpointMapping [AbstractAddressingEndpointMapping.java:239] Supporting [WS-Addressing August 2004, WS-Addressing 1.0]
2022-02-08 17:40:33,871 INFO [main] o.h.j.i.u.LogHelper [LogHelper.java:31] HHH000204: Processing PersistenceUnitInfo [name: default]
2022-02-08 17:40:33,937 INFO [main] o.h.Version [Version.java:44] HHH000412: Hibernate ORM core version 5.6.3.Final
2022-02-08 17:40:33,996 INFO [main] o.h.a.c.Version [JavaReflectionManager.java:56] HCANN000001: Hibernate Commons Annotations {5.1.2.Final}
2022-02-08 17:40:34,154 INFO [main] c.z.h.HikariDataSource [HikariDataSource.java:110] HikariPool-1 - Starting...
2022-02-08 17:40:34,253 INFO [main] c.z.h.HikariDataSource [HikariDataSource.java:123] HikariPool-1 - Start completed.
2022-02-08 17:40:34,287 INFO [main] o.h.d.Dialect [Dialect.java:175] HHH000400: Using dialect: org.hibernate.dialect.PostgreSQL95Dialect
2022-02-08 17:40:35,221 INFO [main] o.h.e.t.j.p.i.JtaPlatformInitiator [JtaPlatformInitiator.java:52] HHH000490: Using JtaPlatform implementation: [org.hibernate.engine.transaction.jta.platform.internal.NoJtaPlatform]
2022-02-08 17:40:35,231 INFO [main] o.s.o.j.LocalContainerEntityManagerFactoryBean [AbstractEntityManagerFactoryBean.java:437] Initialized JPA EntityManagerFactory for persistence unit 'default'
2022-02-08 17:40:36,412 WARN [main] o.s.b.a.o.j.JpaBaseConfiguration$JpaWebConfiguration [JpaBaseConfiguration.java:219] spring.jpa.open-in-view is enabled by default. Therefore, database queries may be performed during view rendering. Explicitly configure spring.jpa.open-in-view to disable this warning
2022-02-08 17:40:36,885 INFO [main] o.s.s.w.DefaultSecurityFilterChain [DefaultSecurityFilterChain.java:51] Will secure any request with [org.springframework.security.web.context.request.async.WebAsyncManagerIntegrationFilter@440461ef, org.springframework.security.web.context.SecurityContextPersistenceFilter@64dcf763, org.springframework.security.web.header.HeaderWriterFilter@3a5e4f32, org.springframework.web.filter.CorsFilter@5de243bb, org.springframework.security.web.authentication.logout.LogoutFilter@5016f1a, com.cellulant.iprs.security.CustomAuthorizationFilter@5977bdea, com.cellulant.iprs.security.CustomAuthenticationFilter@49c13ecd, org.springframework.security.web.savedrequest.RequestCacheAwareFilter@21ab919c, org.springframework.security.web.servletapi.SecurityContextHolderAwareRequestFilter@414d2821, org.springframework.security.web.authentication.AnonymousAuthenticationFilter@2f4545c6, org.springframework.security.web.session.SessionManagementFilter@17c34e62, org.springframework.security.web.access.ExceptionTranslationFilter@4e9bd2c8, org.springframework.security.web.access.intercept.FilterSecurityInterceptor@17477bbb]
2022-02-08 17:40:38,320 INFO [main] o.s.b.t.m.w.SpringBootMockServletContext [MockServletContext.java:455] Initializing Spring TestDispatcherServlet ''
2022-02-08 17:40:38,321 INFO [main] o.s.t.w.s.TestDispatcherServlet [FrameworkServlet.java:525] Initializing Servlet ''
2022-02-08 17:40:38,331 INFO [main] o.s.b.a.e.w.EndpointLinksResolver [EndpointLinksResolver.java:58] Exposing 1 endpoint(s) beneath base path '/actuator'
2022-02-08 17:40:38,380 INFO [main] o.s.t.w.s.TestDispatcherServlet [FrameworkServlet.java:547] Completed initialization in 58 ms
2022-02-08 17:40:38,456 INFO [main] c.c.i.c.RoleResourceTest [StartupInfoLogger.java:61] Started RoleResourceTest in 7.4 seconds (JVM running for 8.462)
2022-02-08 17:40:38,542 INFO [main] o.s.b.t.m.w.SpringBootMockServletContext [MockServletContext.java:455] Initializing Spring TestDispatcherServlet ''
2022-02-08 17:40:38,542 INFO [main] o.s.t.w.s.TestDispatcherServlet [FrameworkServlet.java:525] Initializing Servlet ''
2022-02-08 17:40:38,544 INFO [main] o.s.t.w.s.TestDispatcherServlet [FrameworkServlet.java:547] Completed initialization in 1 ms
2022-02-08 17:40:38,610 INFO [main] c.c.i.a.RoleResource [RoleResource.java:45] findAllRoles
2022-02-08 17:40:38,676 INFO [main] o.s.b.t.m.w.SpringBootMockServletContext [MockServletContext.java:455] Initializing Spring TestDispatcherServlet ''
2022-02-08 17:40:38,677 INFO [main] o.s.t.w.s.TestDispatcherServlet [FrameworkServlet.java:525] Initializing Servlet ''
2022-02-08 17:40:38,678 INFO [main] o.s.t.w.s.TestDispatcherServlet [FrameworkServlet.java:547] Completed initialization in 1 ms
2022-02-08 17:40:38,686 INFO [main] o.s.b.t.m.w.SpringBootMockServletContext [MockServletContext.java:455] Initializing Spring TestDispatcherServlet ''
2022-02-08 17:40:38,686 INFO [main] o.s.t.w.s.TestDispatcherServlet [FrameworkServlet.java:525] Initializing Servlet ''
2022-02-08 17:40:38,688 INFO [main] o.s.t.w.s.TestDispatcherServlet [FrameworkServlet.java:547] Completed initialization in 1 ms
2022-02-08 17:40:38,909 INFO [main] o.s.b.t.m.w.SpringBootMockServletContext [MockServletContext.java:455] Initializing Spring TestDispatcherServlet ''
2022-02-08 17:40:38,909 INFO [main] o.s.t.w.s.TestDispatcherServlet [FrameworkServlet.java:525] Initializing Servlet ''
2022-02-08 17:40:38,911 INFO [main] o.s.t.w.s.TestDispatcherServlet [FrameworkServlet.java:547] Completed initialization in 1 ms
2022-02-08 17:40:38,918 INFO [main] c.c.i.a.RoleResource [RoleResource.java:45] findAllRoles
2022-02-08 17:40:38,956 INFO [main] o.s.b.t.m.w.SpringBootMockServletContext [MockServletContext.java:455] Initializing Spring TestDispatcherServlet ''
2022-02-08 17:40:38,957 INFO [main] o.s.t.w.s.TestDispatcherServlet [FrameworkServlet.java:525] Initializing Servlet ''
2022-02-08 17:40:38,959 INFO [main] o.s.t.w.s.TestDispatcherServlet [FrameworkServlet.java:547] Completed initialization in 2 ms
2022-02-08 17:40:38,983 INFO [main] o.s.b.t.m.w.SpringBootMockServletContext [MockServletContext.java:455] Initializing Spring TestDispatcherServlet ''
2022-02-08 17:40:38,984 INFO [main] o.s.t.w.s.TestDispatcherServlet [FrameworkServlet.java:525] Initializing Servlet ''
2022-02-08 17:40:38,986 INFO [main] o.s.t.w.s.TestDispatcherServlet [FrameworkServlet.java:547] Completed initialization in 2 ms
2022-02-08 17:40:39,007 INFO [main] c.c.i.a.RoleResource [RoleResource.java:33] update 2 world
2022-02-08 17:40:39,025 INFO [main] o.s.b.t.m.w.SpringBootMockServletContext [MockServletContext.java:455] Initializing Spring TestDispatcherServlet ''
2022-02-08 17:40:39,026 INFO [main] o.s.t.w.s.TestDispatcherServlet [FrameworkServlet.java:525] Initializing Servlet ''
2022-02-08 17:40:39,027 INFO [main] o.s.t.w.s.TestDispatcherServlet [FrameworkServlet.java:547] Completed initialization in 1 ms
2022-02-08 17:40:39,041 INFO [main] o.s.b.t.m.w.SpringBootMockServletContext [MockServletContext.java:455] Initializing Spring TestDispatcherServlet ''
2022-02-08 17:40:39,042 INFO [main] o.s.t.w.s.TestDispatcherServlet [FrameworkServlet.java:525] Initializing Servlet ''
2022-02-08 17:40:39,044 INFO [main] o.s.t.w.s.TestDispatcherServlet [FrameworkServlet.java:547] Completed initialization in 1 ms
2022-02-08 17:40:39,053 INFO [main] o.s.b.t.m.w.SpringBootMockServletContext [MockServletContext.java:455] Initializing Spring TestDispatcherServlet ''
2022-02-08 17:40:39,054 INFO [main] o.s.t.w.s.TestDispatcherServlet [FrameworkServlet.java:525] Initializing Servlet ''
2022-02-08 17:40:39,055 INFO [main] o.s.t.w.s.TestDispatcherServlet [FrameworkServlet.java:547] Completed initialization in 1 ms
2022-02-08 17:40:39,058 INFO [main] c.c.i.a.RoleResource [RoleResource.java:45] findAllRoles
2022-02-08 17:40:39,066 INFO [main] o.s.b.t.m.w.SpringBootMockServletContext [MockServletContext.java:455] Initializing Spring TestDispatcherServlet ''
2022-02-08 17:40:39,066 INFO [main] o.s.t.w.s.TestDispatcherServlet [FrameworkServlet.java:525] Initializing Servlet ''
2022-02-08 17:40:39,068 INFO [main] o.s.t.w.s.TestDispatcherServlet [FrameworkServlet.java:547] Completed initialization in 2 ms
2022-02-08 17:40:39,072 INFO [main] c.c.i.a.RoleResource [RoleResource.java:39] delete 1
2022-02-08 17:40:39,082 INFO [main] o.s.b.t.m.w.SpringBootMockServletContext [MockServletContext.java:455] Initializing Spring TestDispatcherServlet ''
2022-02-08 17:40:39,083 INFO [main] o.s.t.w.s.TestDispatcherServlet [FrameworkServlet.java:525] Initializing Servlet ''
2022-02-08 17:40:39,085 INFO [main] o.s.t.w.s.TestDispatcherServlet [FrameworkServlet.java:547] Completed initialization in 1 ms
2022-02-08 17:40:39,092 INFO [main] c.c.i.a.RoleResource [RoleResource.java:25] createRole Role(roleID=0, roleName=ADMIN, description=hello, active=1, insertedBy=1, updatedBy=1, dateCreated=2022-02-08 17:40:31.004, dateModified=2022-02-08 17:40:31.004)
2022-02-08 17:40:39,120 INFO [main] o.s.b.t.c.SpringBootTestContextBootstrapper [AbstractTestContextBootstrapper.java:305] Neither @ContextConfiguration nor @ContextHierarchy found for test class [com.cellulant.iprs.IprsApplicationTests], using SpringBootContextLoader
2022-02-08 17:40:39,123 INFO [main] o.s.t.c.s.AbstractContextLoader [AbstractContextLoader.java:264] Could not detect default resource locations for test class [com.cellulant.iprs.IprsApplicationTests]: no resource found for suffixes {-context.xml, Context.groovy}.
2022-02-08 17:40:39,124 INFO [main] o.s.t.c.s.AnnotationConfigContextLoaderUtils [AnnotationConfigContextLoaderUtils.java:83] Could not detect default configuration classes for test class [com.cellulant.iprs.IprsApplicationTests]: IprsApplicationTests does not declare any static, non-private, non-final, nested classes annotated with @Configuration.
2022-02-08 17:40:39,129 INFO [main] o.s.b.t.c.SpringBootTestContextBootstrapper [SpringBootTestContextBootstrapper.java:238] Found @SpringBootConfiguration com.cellulant.iprs.IprsApplication for test class com.cellulant.iprs.IprsApplicationTests
2022-02-08 17:40:39,134 INFO [main] o.s.b.t.c.SpringBootTestContextBootstrapper [AbstractTestContextBootstrapper.java:245] Loaded default TestExecutionListener class names from location [META-INF/spring.factories]: [org.springframework.boot.test.mock.mockito.MockitoTestExecutionListener, org.springframework.boot.test.mock.mockito.ResetMocksTestExecutionListener, org.springframework.boot.test.autoconfigure.restdocs.RestDocsTestExecutionListener, org.springframework.boot.test.autoconfigure.web.client.MockRestServiceServerResetTestExecutionListener, org.springframework.boot.test.autoconfigure.web.servlet.MockMvcPrintOnlyOnFailureTestExecutionListener, org.springframework.boot.test.autoconfigure.web.servlet.WebDriverTestExecutionListener, org.springframework.boot.test.autoconfigure.webservices.client.MockWebServiceServerTestExecutionListener, org.springframework.test.context.web.ServletTestExecutionListener, org.springframework.test.context.support.DirtiesContextBeforeModesTestExecutionListener, org.springframework.test.context.event.ApplicationEventsTestExecutionListener, org.springframework.test.context.support.DependencyInjectionTestExecutionListener, org.springframework.test.context.support.DirtiesContextTestExecutionListener, org.springframework.test.context.transaction.TransactionalTestExecutionListener, org.springframework.test.context.jdbc.SqlScriptsTestExecutionListener, org.springframework.test.context.event.EventPublishingTestExecutionListener, org.springframework.security.test.context.support.WithSecurityContextTestExecutionListener, org.springframework.security.test.context.support.ReactorContextTestExecutionListener]
2022-02-08 17:40:39,136 INFO [main] o.s.b.t.c.SpringBootTestContextBootstrapper [AbstractTestContextBootstrapper.java:174] Using TestExecutionListeners: [org.springframework.test.context.web.ServletTestExecutionListener@16f62062, org.springframework.test.context.support.DirtiesContextBeforeModesTestExecutionListener@61ec2cb5, org.springframework.test.context.event.ApplicationEventsTestExecutionListener@3889c343, org.springframework.boot.test.mock.mockito.MockitoTestExecutionListener@34be7efb, org.springframework.boot.test.autoconfigure.SpringBootDependencyInjectionTestExecutionListener@136cad3e, org.springframework.test.context.support.DirtiesContextTestExecutionListener@13e5b262, org.springframework.test.context.transaction.TransactionalTestExecutionListener@6500e886, org.springframework.test.context.jdbc.SqlScriptsTestExecutionListener@220e1b7b, org.springframework.test.context.event.EventPublishingTestExecutionListener@54fd5759, org.springframework.security.test.context.support.WithSecurityContextTestExecutionListener@6a358906, org.springframework.security.test.context.support.ReactorContextTestExecutionListener@893081e, org.springframework.boot.test.mock.mockito.ResetMocksTestExecutionListener@5a941fb4, org.springframework.boot.test.autoconfigure.restdocs.RestDocsTestExecutionListener@646ddc20, org.springframework.boot.test.autoconfigure.web.client.MockRestServiceServerResetTestExecutionListener@22561412, org.springframework.boot.test.autoconfigure.web.servlet.MockMvcPrintOnlyOnFailureTestExecutionListener@32153bbe, org.springframework.boot.test.autoconfigure.web.servlet.WebDriverTestExecutionListener@4806fbf7, org.springframework.boot.test.autoconfigure.webservices.client.MockWebServiceServerTestExecutionListener@4280b20b]
2022-02-08 17:40:39,192 INFO [main] c.c.i.IprsApplicationTests [StartupInfoLogger.java:55] Starting IprsApplicationTests using Java 1.8.0_242 on Josephs-MacBook-Pro.local with PID 69231 (started by abala in /Users/abala/abala/projects/cellulant/iprs/engine/iprs)
2022-02-08 17:40:39,193 INFO [main] c.c.i.IprsApplicationTests [SpringApplication.java:635] No active profile set, falling back to default profiles: default
2022-02-08 17:40:39,471 INFO [main] o.s.d.r.c.RepositoryConfigurationDelegate [RepositoryConfigurationDelegate.java:132] Bootstrapping Spring Data JPA repositories in DEFAULT mode.
2022-02-08 17:40:39,492 INFO [main] o.s.d.r.c.RepositoryConfigurationDelegate [RepositoryConfigurationDelegate.java:201] Finished Spring Data repository scanning in 19 ms. Found 8 JPA repository interfaces.
2022-02-08 17:40:39,666 INFO [main] o.s.c.s.PostProcessorRegistrationDelegate$BeanPostProcessorChecker [PostProcessorRegistrationDelegate.java:376] Bean 'org.springframework.ws.config.annotation.DelegatingWsConfiguration' of type [org.springframework.ws.config.annotation.DelegatingWsConfiguration$$EnhancerBySpringCGLIB$$cb43fbfb] is not eligible for getting processed by all BeanPostProcessors (for example: not eligible for auto-proxying)
2022-02-08 17:40:39,678 INFO [main] o.s.w.s.a.s.AnnotationActionEndpointMapping [AbstractAddressingEndpointMapping.java:239] Supporting [WS-Addressing August 2004, WS-Addressing 1.0]
2022-02-08 17:40:39,825 INFO [main] o.h.j.i.u.LogHelper [LogHelper.java:31] HHH000204: Processing PersistenceUnitInfo [name: default]
2022-02-08 17:40:39,831 INFO [main] c.z.h.HikariDataSource [HikariDataSource.java:110] HikariPool-2 - Starting...
2022-02-08 17:40:39,841 INFO [main] c.z.h.HikariDataSource [HikariDataSource.java:123] HikariPool-2 - Start completed.
2022-02-08 17:40:39,886 INFO [main] o.h.d.Dialect [Dialect.java:175] HHH000400: Using dialect: org.hibernate.dialect.PostgreSQL95Dialect
2022-02-08 17:40:40,157 INFO [main] o.h.e.t.j.p.i.JtaPlatformInitiator [JtaPlatformInitiator.java:52] HHH000490: Using JtaPlatform implementation: [org.hibernate.engine.transaction.jta.platform.internal.NoJtaPlatform]
2022-02-08 17:40:40,157 INFO [main] o.s.o.j.LocalContainerEntityManagerFactoryBean [AbstractEntityManagerFactoryBean.java:437] Initialized JPA EntityManagerFactory for persistence unit 'default'
2022-02-08 17:40:40,488 WARN [main] o.s.b.a.o.j.JpaBaseConfiguration$JpaWebConfiguration [JpaBaseConfiguration.java:219] spring.jpa.open-in-view is enabled by default. Therefore, database queries may be performed during view rendering. Explicitly configure spring.jpa.open-in-view to disable this warning
2022-02-08 17:40:40,681 INFO [main] o.s.s.w.DefaultSecurityFilterChain [DefaultSecurityFilterChain.java:51] Will secure any request with [org.springframework.security.web.context.request.async.WebAsyncManagerIntegrationFilter@3e3d8e6c, org.springframework.security.web.context.SecurityContextPersistenceFilter@32f8a37b, org.springframework.security.web.header.HeaderWriterFilter@408bb173, org.springframework.web.filter.CorsFilter@c7aac7c, org.springframework.security.web.authentication.logout.LogoutFilter@32eeef08, com.cellulant.iprs.security.CustomAuthorizationFilter@7fd3197b, com.cellulant.iprs.security.CustomAuthenticationFilter@1d2ce035, org.springframework.security.web.savedrequest.RequestCacheAwareFilter@657e7e8, org.springframework.security.web.servletapi.SecurityContextHolderAwareRequestFilter@1b4ade78, org.springframework.security.web.authentication.AnonymousAuthenticationFilter@6a087c72, org.springframework.security.web.session.SessionManagementFilter@360d0c7a, org.springframework.security.web.access.ExceptionTranslationFilter@b97f195, org.springframework.security.web.access.intercept.FilterSecurityInterceptor@62b2bc2e]
2022-02-08 17:40:41,327 INFO [main] o.s.b.a.e.w.EndpointLinksResolver [EndpointLinksResolver.java:58] Exposing 1 endpoint(s) beneath base path '/actuator'
2022-02-08 17:40:41,463 INFO [main] c.c.i.IprsApplicationTests [StartupInfoLogger.java:61] Started IprsApplicationTests in 2.315 seconds (JVM running for 11.468)
2022-02-08 17:40:41,476 INFO [main] o.s.b.t.c.SpringBootTestContextBootstrapper [AbstractTestContextBootstrapper.java:305] Neither @ContextConfiguration nor @ContextHierarchy found for test class [com.cellulant.iprs.service.RoleServiceImplTest], using SpringBootContextLoader
2022-02-08 17:40:41,477 INFO [main] o.s.t.c.s.AbstractContextLoader [AbstractContextLoader.java:264] Could not detect default resource locations for test class [com.cellulant.iprs.service.RoleServiceImplTest]: no resource found for suffixes {-context.xml, Context.groovy}.
2022-02-08 17:40:41,478 INFO [main] o.s.t.c.s.AnnotationConfigContextLoaderUtils [AnnotationConfigContextLoaderUtils.java:83] Could not detect default configuration classes for test class [com.cellulant.iprs.service.RoleServiceImplTest]: RoleServiceImplTest does not declare any static, non-private, non-final, nested classes annotated with @Configuration.
2022-02-08 17:40:41,488 INFO [main] o.s.b.t.c.SpringBootTestContextBootstrapper [SpringBootTestContextBootstrapper.java:238] Found @SpringBootConfiguration com.cellulant.iprs.IprsApplication for test class com.cellulant.iprs.service.RoleServiceImplTest
2022-02-08 17:40:41,489 INFO [main] o.s.b.t.c.SpringBootTestContextBootstrapper [AbstractTestContextBootstrapper.java:245] Loaded default TestExecutionListener class names from location [META-INF/spring.factories]: [org.springframework.boot.test.mock.mockito.MockitoTestExecutionListener, org.springframework.boot.test.mock.mockito.ResetMocksTestExecutionListener, org.springframework.boot.test.autoconfigure.restdocs.RestDocsTestExecutionListener, org.springframework.boot.test.autoconfigure.web.client.MockRestServiceServerResetTestExecutionListener, org.springframework.boot.test.autoconfigure.web.servlet.MockMvcPrintOnlyOnFailureTestExecutionListener, org.springframework.boot.test.autoconfigure.web.servlet.WebDriverTestExecutionListener, org.springframework.boot.test.autoconfigure.webservices.client.MockWebServiceServerTestExecutionListener, org.springframework.test.context.web.ServletTestExecutionListener, org.springframework.test.context.support.DirtiesContextBeforeModesTestExecutionListener, org.springframework.test.context.event.ApplicationEventsTestExecutionListener, org.springframework.test.context.support.DependencyInjectionTestExecutionListener, org.springframework.test.context.support.DirtiesContextTestExecutionListener, org.springframework.test.context.transaction.TransactionalTestExecutionListener, org.springframework.test.context.jdbc.SqlScriptsTestExecutionListener, org.springframework.test.context.event.EventPublishingTestExecutionListener, org.springframework.security.test.context.support.WithSecurityContextTestExecutionListener, org.springframework.security.test.context.support.ReactorContextTestExecutionListener]
2022-02-08 17:40:41,491 INFO [main] o.s.b.t.c.SpringBootTestContextBootstrapper [AbstractTestContextBootstrapper.java:174] Using TestExecutionListeners: [org.springframework.test.context.web.ServletTestExecutionListener@f36c8b1, org.springframework.test.context.support.DirtiesContextBeforeModesTestExecutionListener@251db193, org.springframework.test.context.event.ApplicationEventsTestExecutionListener@109f95b1, org.springframework.boot.test.mock.mockito.MockitoTestExecutionListener@4d20cbb5, org.springframework.boot.test.autoconfigure.SpringBootDependencyInjectionTestExecutionListener@74eae1e0, org.springframework.test.context.support.DirtiesContextTestExecutionListener@3c3357c7, org.springframework.test.context.transaction.TransactionalTestExecutionListener@506d7fed, org.springframework.test.context.jdbc.SqlScriptsTestExecutionListener@1bdb6b36, org.springframework.test.context.event.EventPublishingTestExecutionListener@381d7c4c, org.springframework.security.test.context.support.WithSecurityContextTestExecutionListener@1e3689e7, org.springframework.security.test.context.support.ReactorContextTestExecutionListener@259f0fdb, org.springframework.boot.test.mock.mockito.ResetMocksTestExecutionListener@655d5285, org.springframework.boot.test.autoconfigure.restdocs.RestDocsTestExecutionListener@36f1bd7e, org.springframework.boot.test.autoconfigure.web.client.MockRestServiceServerResetTestExecutionListener@1c2273f6, org.springframework.boot.test.autoconfigure.web.servlet.MockMvcPrintOnlyOnFailureTestExecutionListener@411e567e, org.springframework.boot.test.autoconfigure.web.servlet.WebDriverTestExecutionListener@4e58eda2, org.springframework.boot.test.autoconfigure.webservices.client.MockWebServiceServerTestExecutionListener@75f9a35a]
2022-02-08 17:40:41,525 INFO [main] c.c.i.s.RoleServiceImplTest [StartupInfoLogger.java:55] Starting RoleServiceImplTest using Java 1.8.0_242 on Josephs-MacBook-Pro.local with PID 69231 (started by abala in /Users/abala/abala/projects/cellulant/iprs/engine/iprs)
2022-02-08 17:40:41,525 INFO [main] c.c.i.s.RoleServiceImplTest [SpringApplication.java:635] No active profile set, falling back to default profiles: default
2022-02-08 17:40:41,757 INFO [main] o.s.d.r.c.RepositoryConfigurationDelegate [RepositoryConfigurationDelegate.java:132] Bootstrapping Spring Data JPA repositories in DEFAULT mode.
2022-02-08 17:40:41,772 INFO [main] o.s.d.r.c.RepositoryConfigurationDelegate [RepositoryConfigurationDelegate.java:201] Finished Spring Data repository scanning in 14 ms. Found 8 JPA repository interfaces.
2022-02-08 17:40:41,990 INFO [main] o.s.c.s.PostProcessorRegistrationDelegate$BeanPostProcessorChecker [PostProcessorRegistrationDelegate.java:376] Bean 'org.springframework.ws.config.annotation.DelegatingWsConfiguration' of type [org.springframework.ws.config.annotation.DelegatingWsConfiguration$$EnhancerBySpringCGLIB$$cb43fbfb] is not eligible for getting processed by all BeanPostProcessors (for example: not eligible for auto-proxying)
2022-02-08 17:40:41,997 INFO [main] o.s.w.s.a.s.AnnotationActionEndpointMapping [AbstractAddressingEndpointMapping.java:239] Supporting [WS-Addressing August 2004, WS-Addressing 1.0]
2022-02-08 17:40:42,126 INFO [main] o.h.j.i.u.LogHelper [LogHelper.java:31] HHH000204: Processing PersistenceUnitInfo [name: default]
2022-02-08 17:40:42,131 INFO [main] c.z.h.HikariDataSource [HikariDataSource.java:110] HikariPool-3 - Starting...
2022-02-08 17:40:42,143 INFO [main] c.z.h.HikariDataSource [HikariDataSource.java:123] HikariPool-3 - Start completed.
2022-02-08 17:40:42,144 INFO [main] o.h.d.Dialect [Dialect.java:175] HHH000400: Using dialect: org.hibernate.dialect.PostgreSQL95Dialect
2022-02-08 17:40:42,456 INFO [main] o.h.e.t.j.p.i.JtaPlatformInitiator [JtaPlatformInitiator.java:52] HHH000490: Using JtaPlatform implementation: [org.hibernate.engine.transaction.jta.platform.internal.NoJtaPlatform]
2022-02-08 17:40:42,457 INFO [main] o.s.o.j.LocalContainerEntityManagerFactoryBean [AbstractEntityManagerFactoryBean.java:437] Initialized JPA EntityManagerFactory for persistence unit 'default'
2022-02-08 17:40:42,727 WARN [main] o.s.b.a.o.j.JpaBaseConfiguration$JpaWebConfiguration [JpaBaseConfiguration.java:219] spring.jpa.open-in-view is enabled by default. Therefore, database queries may be performed during view rendering. Explicitly configure spring.jpa.open-in-view to disable this warning
2022-02-08 17:40:42,922 INFO [main] o.s.s.w.DefaultSecurityFilterChain [DefaultSecurityFilterChain.java:51] Will secure any request with [org.springframework.security.web.context.request.async.WebAsyncManagerIntegrationFilter@6ba8859b, org.springframework.security.web.context.SecurityContextPersistenceFilter@59881424, org.springframework.security.web.header.HeaderWriterFilter@4aa4bfa1, org.springframework.web.filter.CorsFilter@6cf633eb, org.springframework.security.web.authentication.logout.LogoutFilter@8497c23, com.cellulant.iprs.security.CustomAuthorizationFilter@2c841ac4, com.cellulant.iprs.security.CustomAuthenticationFilter@26e588b7, org.springframework.security.web.savedrequest.RequestCacheAwareFilter@59ac94ad, org.springframework.security.web.servletapi.SecurityContextHolderAwareRequestFilter@361a618e, org.springframework.security.web.authentication.AnonymousAuthenticationFilter@1fcef7, org.springframework.security.web.session.SessionManagementFilter@2100d881, org.springframework.security.web.access.ExceptionTranslationFilter@44189797, org.springframework.security.web.access.intercept.FilterSecurityInterceptor@62a89e92]
2022-02-08 17:40:43,729 INFO [main] o.s.b.a.e.w.EndpointLinksResolver [EndpointLinksResolver.java:58] Exposing 1 endpoint(s) beneath base path '/actuator'
2022-02-08 17:40:43,811 INFO [main] c.c.i.s.RoleServiceImplTest [StartupInfoLogger.java:61] Started RoleServiceImplTest in 2.316 seconds (JVM running for 13.816)
2022-02-08 17:40:43,877 INFO [SpringApplicationShutdownHook] o.s.o.j.LocalContainerEntityManagerFactoryBean [AbstractEntityManagerFactoryBean.java:651] Closing JPA EntityManagerFactory for persistence unit 'default'
2022-02-08 17:40:43,881 INFO [SpringApplicationShutdownHook] c.z.h.HikariDataSource [HikariDataSource.java:350] HikariPool-1 - Shutdown initiated...
2022-02-08 17:40:43,890 INFO [SpringApplicationShutdownHook] c.z.h.HikariDataSource [HikariDataSource.java:352] HikariPool-1 - Shutdown completed.
2022-02-08 17:40:43,900 INFO [SpringApplicationShutdownHook] o.s.o.j.LocalContainerEntityManagerFactoryBean [AbstractEntityManagerFactoryBean.java:651] Closing JPA EntityManagerFactory for persistence unit 'default'
2022-02-08 17:40:43,902 INFO [SpringApplicationShutdownHook] c.z.h.HikariDataSource [HikariDataSource.java:350] HikariPool-2 - Shutdown initiated...
2022-02-08 17:40:43,912 INFO [SpringApplicationShutdownHook] c.z.h.HikariDataSource [HikariDataSource.java:352] HikariPool-2 - Shutdown completed.
2022-02-08 17:40:43,921 INFO [SpringApplicationShutdownHook] o.s.o.j.LocalContainerEntityManagerFactoryBean [AbstractEntityManagerFactoryBean.java:651] Closing JPA EntityManagerFactory for persistence unit 'default'
2022-02-08 17:40:43,922 INFO [SpringApplicationShutdownHook] c.z.h.HikariDataSource [HikariDataSource.java:350] HikariPool-3 - Shutdown initiated...
2022-02-08 17:40:43,924 INFO [SpringApplicationShutdownHook] c.z.h.HikariDataSource [HikariDataSource.java:352] HikariPool-3 - Shutdown completed.
